#
# A fatal error has been detected by the Java Runtime Environment:
#
#  EXCEPTION_ACCESS_VIOLATION (0xc0000005) at pc=0x00007ffd07326a54, pid=9180, tid=2028
#
# JRE version: OpenJDK Runtime Environment Temurin-17.0.4.1+1 (17.0.4.1+1) (build 17.0.4.1+1)
# Java VM: OpenJDK 64-Bit Server VM Temurin-17.0.4.1+1 (17.0.4.1+1, mixed mode, emulated-client, tiered, compressed oops, compressed class ptrs, g1 gc, windows-amd64)
# Problematic frame:
# V  [jvm.dll+0x626a54]
#
# No core dump will be written. Minidumps are not enabled by default on client versions of Windows
#
# If you would like to submit a bug report, please visit:
#   https://github.com/adoptium/adoptium-support/issues
#

---------------  S U M M A R Y ------------

Command Line: -XX:+ShowCodeDetailsInExceptionMessages -agentlib:jdwp=transport=dt_socket,suspend=y,address=localhost:64272 -Dcom.sun.management.jmxremote -Dcom.sun.management.jmxremote.port=64269 -Dcom.sun.management.jmxremote.authenticate=false -Dcom.sun.management.jmxremote.ssl=false -Djava.rmi.server.hostname=localhost -Dspring.jmx.enabled=true -Dspring.application.admin.enabled=true -XX:TieredStopAtLevel=1 -Dspring.boot.project.name=UteAlo -javaagent:D:\TaiLieuNam3\LapTrinhWeb\sts-4.16.0.RELEASE\configuration\org.eclipse.osgi\268\0\.cp\lib\javaagent-shaded.jar -Dfile.encoding=UTF-8 vn.iostar.UtealoApplication --spring.output.ansi.enabled=always

Host: Intel(R) Core(TM) i5-10300H CPU @ 2.50GHz, 8 cores, 7G,  Windows 10 , 64 bit Build 19041 (10.0.19041.3570)
Time: Tue Nov 14 22:19:40 2023 SE Asia Standard Time elapsed time: 1702.583667 seconds (0d 0h 28m 22s)

---------------  T H R E A D  ---------------

Current thread (0x0000019161fc0ff0):  VMThread "VM Thread" [stack: 0x0000000572d00000,0x0000000572e00000] [id=2028]

Stack: [0x0000000572d00000,0x0000000572e00000],  sp=0x0000000572dfefe0,  free space=1019k
Native frames: (J=compiled Java code, j=interpreted, Vv=VM code, C=native code)
V  [jvm.dll+0x626a54]
V  [jvm.dll+0x373f91]
V  [jvm.dll+0x1f3c5f]
V  [jvm.dll+0x1f794f]
V  [jvm.dll+0x2dd91a]
V  [jvm.dll+0x2f1b00]
V  [jvm.dll+0x2d9d6b]
V  [jvm.dll+0x31ce37]
V  [jvm.dll+0x83853b]
V  [jvm.dll+0x839274]
V  [jvm.dll+0x83978c]
V  [jvm.dll+0x839b64]
V  [jvm.dll+0x839c30]
V  [jvm.dll+0x7e240a]
V  [jvm.dll+0x6761a5]
C  [ucrtbase.dll+0x21bb2]
C  [KERNEL32.DLL+0x17344]
C  [ntdll.dll+0x526b1]


siginfo: EXCEPTION_ACCESS_VIOLATION (0xc0000005), reading address 0x000001196d05d368


Register to memory mapping:

RIP=0x00007ffd07326a54 jvm.dll
RAX=0x000001196d05d360 is an unknown value
RBX=0x0000000000000008 is an unknown value
RCX={method} {0x000001916d05d858} 
[error occurred during error reporting (printing register info), id 0xc0000005, EXCEPTION_ACCESS_VIOLATION (0xc0000005) at pc=0x00007ffd0732b26a]

Registers:
RAX=0x000001196d05d360, RBX=0x0000000000000008, RCX=0x000001916d05d850, RDX=0x000001916d65df08
RSP=0x0000000572dfefe0, RBP=0x0000000000000001, RSI=0x0000000000000000, RDI=0x000000010010b000
R8 =0x0000000000000050, R9 =0x0000000000000001, R10=0x0000000000008000, R11=0x0000000572dfef40
R12=0x00007ffd076119d8, R13=0x00007ffd078a33a0, R14=0x000001916d05d850, R15=0x00000000000003d8
RIP=0x00007ffd07326a54, EFLAGS=0x0000000000010246

Top of Stack: (sp=0x0000000572dfefe0)
0x0000000572dfefe0:   0000000000000000 00007ffd00000000
0x0000000572dfeff0:   000000010010b000 00007ffd8087f05b
0x0000000572dff000:   00007ffd078a33a0 00000000000003d8
0x0000000572dff010:   0000000000000000 0000000000000017
0x0000000572dff020:   0000000000000008 00007ffd07073f91
0x0000000572dff030:   0000000000000001 000000010010b000
0x0000000572dff040:   00007ffd076119d8 00007ffd831b47b1
0x0000000572dff050:   000001915432a3b8 0000000000000000
0x0000000572dff060:   00000191644d50c0 00007ffd06ef3c5f
0x0000000572dff070:   000001916bd39cf0 000000010010b000
0x0000000572dff080:   0000000000000001 00007ffd8087f05b
0x0000000572dff090:   00007ffd07635bc8 00000000000000b5
0x0000000572dff0a0:   0000000000000006 0000000000000000
0x0000000572dff0b0:   000001916bd244f0 00007ffd06ef794f
0x0000000572dff0c0:   000001916b8f3340 00000191644d50c0
0x0000000572dff0d0:   0000000000000000 0000019152170000 

Instructions: (pc=0x00007ffd07326a54)
0x00007ffd07326954:   58 80 3d ea 2a 54 00 00 74 0d 48 8b 4c 24 20 49
0x00007ffd07326964:   8b d6 e8 05 2b 00 00 48 8b 44 24 20 48 8b 58 18
0x00007ffd07326974:   48 8d 4c 24 20 e8 52 44 d2 ff 4c 8b 7c 24 30 48
0x00007ffd07326984:   8b c3 48 8b 5c 24 50 48 83 c4 40 41 5e c3 cc cc
0x00007ffd07326994:   cc cc cc cc cc cc cc cc cc cc cc cc 48 8b 51 08
0x00007ffd073269a4:   4c 8b c1 48 8b 42 08 0f b6 52 1c c0 ea 06 48 8b
0x00007ffd073269b4:   48 18 8b 81 a4 00 00 00 f6 c2 01 75 27 48 85 c9
0x00007ffd073269c4:   74 14 8b c8 c1 e9 09 f6 c1 01 74 0a 41 f7 40 28
0x00007ffd073269d4:   02 04 00 00 74 0e 41 8b 48 28 0b c8 f6 c1 10 74
0x00007ffd073269e4:   03 b0 01 c3 41 83 78 2c fe 0f 94 c0 c3 cc cc cc
0x00007ffd073269f4:   cc cc cc cc cc cc cc cc cc cc cc cc 40 53 48 83
0x00007ffd07326a04:   ec 20 48 85 c9 74 24 48 8b 19 48 85 db 74 1c 48
0x00007ffd07326a14:   83 fb 37 74 16 48 8b 13 48 8b cb ff 52 10 84 c0
0x00007ffd07326a24:   74 09 48 8b c3 48 83 c4 20 5b c3 33 c0 48 83 c4
0x00007ffd07326a34:   20 5b c3 cc cc cc cc cc cc cc cc cc 40 53 56 41
0x00007ffd07326a44:   56 41 57 48 83 ec 28 48 8b 41 08 33 f6 4c 8b f1
0x00007ffd07326a54:   48 8b 50 08 4c 8b 7a 18 49 8b 9f 70 01 00 00 48
0x00007ffd07326a64:   85 db 0f 84 db 00 00 00 8b 15 46 19 58 00 65 48
0x00007ffd07326a74:   8b 04 25 58 00 00 00 48 89 7c 24 58 4c 89 64 24
0x00007ffd07326a84:   60 4c 89 6c 24 20 41 bd ff ff 00 00 4c 8d 24 d0
0x00007ffd07326a94:   41 b8 50 00 00 00 48 89 6c 24 50 90 49 8b 56 08
0x00007ffd07326aa4:   48 8b 7b 10 0f b7 42 22 66 39 43 08 75 72 0f b7
0x00007ffd07326ab4:   42 24 66 39 43 0a 75 68 0f b6 03 48 63 4b 04 49
0x00007ffd07326ac4:   8b 2c 24 88 44 11 30 41 8b c0 80 3c 28 00 75 05
0x00007ffd07326ad4:   e8 e3 6d 26 00 b8 20 00 00 00 49 8b ce 48 8b 14
0x00007ffd07326ae4:   28 e8 76 d9 b9 ff 48 85 c0 74 05 66 44 01 68 2e
0x00007ffd07326af4:   48 85 f6 74 14 48 8b cb 48 89 7e 10 e8 6b f7 a7
0x00007ffd07326b04:   ff 41 b8 50 00 00 00 eb 1a 48 8b cb 49 89 bf 70
0x00007ffd07326b14:   01 00 00 e8 54 f7 a7 ff 41 b8 50 00 00 00 eb 03
0x00007ffd07326b24:   48 8b f3 48 8b df 48 85 ff 0f 85 6d ff ff ff 4c
0x00007ffd07326b34:   8b 6c 24 20 4c 8b 64 24 60 48 8b 7c 24 58 48 8b
0x00007ffd07326b44:   6c 24 50 48 83 c4 28 41 5f 41 5e 5e 5b c3 cc cc 


Stack slot to memory mapping:
stack at sp + 0 slots: 0x0 is NULL
stack at sp + 1 slots: 0x00007ffd00000000 is an unknown value
stack at sp + 2 slots: 0x000000010010b000 is pointing into metadata
stack at sp + 3 slots: 0x00007ffd8087f05b ucrtbase.dll
stack at sp + 4 slots: 0x00007ffd078a33a0 jvm.dll
stack at sp + 5 slots: 0x00000000000003d8 is an unknown value
stack at sp + 6 slots: 0x0 is NULL
stack at sp + 7 slots: 0x0000000000000017 is an unknown value

VM_Operation (0x00000005751ff180): G1CollectFull, mode: safepoint, requested by thread 0x000001916b971a40


---------------  P R O C E S S  ---------------

Threads class SMR info:
_java_thread_list=0x0000019164eff7d0, length=29, elements={
0x0000019161fc6a10, 0x0000019161fc71a0, 0x0000019161ffc830, 0x0000019161ffcd00,
0x0000019161ffe1e0, 0x0000019161ffeab0, 0x0000019162834d40, 0x0000019162835250,
0x00000191629b26e0, 0x0000019162a3a4c0, 0x0000019162a3b360, 0x0000019162a3c3f0,
0x00000191629b0060, 0x00000191629b3550, 0x00000191629b13a0, 0x00000191629b0a00,
0x00000191629b1d40, 0x00000191629b3080, 0x0000019167326d50, 0x000001916732a710,
0x00000191673263b0, 0x000001916b973250, 0x000001916b96fd60, 0x000001916b974590,
0x000001916b975400, 0x000001916b970700, 0x0000019167328560, 0x000001916b971a40,
0x000001916c3f74f0
}

Java Threads: ( => current thread )
  0x0000019161fc6a10 JavaThread "Reference Handler" daemon [_thread_blocked, id=18680, stack(0x0000000572e00000,0x0000000572f00000)]
  0x0000019161fc71a0 JavaThread "Finalizer" daemon [_thread_blocked, id=7904, stack(0x0000000572f00000,0x0000000573000000)]
  0x0000019161ffc830 JavaThread "Signal Dispatcher" daemon [_thread_blocked, id=14996, stack(0x0000000573000000,0x0000000573100000)]
  0x0000019161ffcd00 JavaThread "Attach Listener" daemon [_thread_blocked, id=11836, stack(0x0000000573100000,0x0000000573200000)]
  0x0000019161ffe1e0 JavaThread "Service Thread" daemon [_thread_blocked, id=12972, stack(0x0000000573200000,0x0000000573300000)]
  0x0000019161ffeab0 JavaThread "Monitor Deflation Thread" daemon [_thread_blocked, id=13372, stack(0x0000000573300000,0x0000000573400000)]
  0x0000019162834d40 JavaThread "C1 CompilerThread0" daemon [_thread_blocked, id=16280, stack(0x0000000573400000,0x0000000573500000)]
  0x0000019162835250 JavaThread "Sweeper thread" daemon [_thread_blocked, id=6904, stack(0x0000000573500000,0x0000000573600000)]
  0x00000191629b26e0 JavaThread "Common-Cleaner" daemon [_thread_blocked, id=18560, stack(0x0000000573600000,0x0000000573700000)]
  0x0000019162a3a4c0 JavaThread "JDWP Transport Listener: dt_socket" daemon [_thread_blocked, id=6436, stack(0x0000000573900000,0x0000000573a00000)]
  0x0000019162a3b360 JavaThread "JDWP Event Helper Thread" daemon [_thread_blocked, id=18580, stack(0x0000000573a00000,0x0000000573b00000)]
  0x0000019162a3c3f0 JavaThread "JDWP Command Reader" daemon [_thread_in_native, id=21408, stack(0x0000000573b00000,0x0000000573c00000)]
  0x00000191629b0060 JavaThread "Notification Thread" daemon [_thread_blocked, id=12332, stack(0x0000000573c00000,0x0000000573d00000)]
  0x00000191629b3550 JavaThread "RMI TCP Accept-0" daemon [_thread_in_native, id=3296, stack(0x0000000573d00000,0x0000000573e00000)]
  0x00000191629b13a0 JavaThread "RMI TCP Accept-64269" daemon [_thread_in_native, id=4932, stack(0x0000000573e00000,0x0000000573f00000)]
  0x00000191629b0a00 JavaThread "RMI TCP Accept-0" daemon [_thread_in_native, id=92, stack(0x0000000573f00000,0x0000000574000000)]
  0x00000191629b1d40 JavaThread "RMI Scheduler(0)" daemon [_thread_blocked, id=20392, stack(0x0000000574d00000,0x0000000574e00000)]
  0x00000191629b3080 JavaThread "JMX server connection timeout 30" daemon [_thread_blocked, id=3700, stack(0x0000000575000000,0x0000000575100000)]
  0x0000019167326d50 JavaThread "Live Reload Server" daemon [_thread_in_native, id=19500, stack(0x0000000575e00000,0x0000000575f00000)]
  0x000001916732a710 JavaThread "DestroyJavaVM" [_thread_blocked, id=16420, stack(0x0000000572700000,0x0000000572800000)]
  0x00000191673263b0 JavaThread "RMI TCP Connection(idle)" daemon [_thread_blocked, id=12816, stack(0x0000000576a00000,0x0000000576b00000)]
  0x000001916b973250 JavaThread "http-nio-8089-exec-5" daemon [_thread_blocked, id=19860, stack(0x0000000576100000,0x0000000576200000)]
  0x000001916b96fd60 JavaThread "RMI TCP Connection(idle)" daemon [_thread_blocked, id=21496, stack(0x0000000576700000,0x0000000576800000)]
  0x000001916b974590 JavaThread "RMI TCP Connection(53)-127.0.0.1" daemon [_thread_in_native, id=5468, stack(0x0000000576800000,0x0000000576900000)]
  0x000001916b975400 JavaThread "RMI TCP Connection(idle)" daemon [_thread_blocked, id=4532, stack(0x0000000576b00000,0x0000000576c00000)]
  0x000001916b970700 JavaThread "Catalina-utility-1" [_thread_blocked, id=8168, stack(0x0000000574b00000,0x0000000574c00000)]
  0x0000019167328560 JavaThread "http-nio-8089-exec-3" daemon [_thread_blocked, id=6324, stack(0x0000000575c00000,0x0000000575d00000)]
  0x000001916b971a40 JavaThread "Thread-31" [_thread_blocked, id=10216, stack(0x0000000575100000,0x0000000575200000)]
  0x000001916c3f74f0 JavaThread "C1 CompilerThread1" daemon [_thread_blocked, id=7452, stack(0x0000000572600000,0x0000000572700000)]

Other Threads:
=>0x0000019161fc0ff0 VMThread "VM Thread" [stack: 0x0000000572d00000,0x0000000572e00000] [id=2028]
  0x00000191542bdb40 WatcherThread [stack: 0x0000000574000000,0x0000000574100000] [id=3140]
  0x0000019154317330 GCTaskThread "GC Thread#0" [stack: 0x0000000572800000,0x0000000572900000] [id=8792]
  0x00000191638246d0 GCTaskThread "GC Thread#1" [stack: 0x0000000574100000,0x0000000574200000] [id=2380]
  0x00000191637f3ef0 GCTaskThread "GC Thread#2" [stack: 0x0000000574200000,0x0000000574300000] [id=4332]
  0x00000191638bf560 GCTaskThread "GC Thread#3" [stack: 0x0000000574300000,0x0000000574400000] [id=12488]
  0x00000191638bf810 GCTaskThread "GC Thread#4" [stack: 0x0000000574400000,0x0000000574500000] [id=18548]
  0x00000191638bfac0 GCTaskThread "GC Thread#5" [stack: 0x0000000574500000,0x0000000574600000] [id=8656]
  0x00000191638c0580 GCTaskThread "GC Thread#6" [stack: 0x0000000574600000,0x0000000574700000] [id=18192]
  0x00000191638c1340 GCTaskThread "GC Thread#7" [stack: 0x0000000574700000,0x0000000574800000] [id=3436]
  0x0000019154327c00 ConcurrentGCThread "G1 Main Marker" [stack: 0x0000000572900000,0x0000000572a00000] [id=8536]
  0x0000019154329cd0 ConcurrentGCThread "G1 Conc#0" [stack: 0x0000000572a00000,0x0000000572b00000] [id=6304]
  0x00000191638c2360 ConcurrentGCThread "G1 Conc#1" [stack: 0x0000000574f00000,0x0000000575000000] [id=15944]
  0x000001915437e520 ConcurrentGCThread "G1 Refine#0" [stack: 0x0000000572b00000,0x0000000572c00000] [id=5324]
  0x00000191638a8030 ConcurrentGCThread "G1 Refine#1" [stack: 0x0000000574800000,0x0000000574900000] [id=8920]
  0x0000019164d16a40 ConcurrentGCThread "G1 Refine#2" [stack: 0x0000000575800000,0x0000000575900000] [id=19836]
  0x000001916360a610 ConcurrentGCThread "G1 Refine#3" [stack: 0x0000000575900000,0x0000000575a00000] [id=19260]
  0x000001916360ba30 ConcurrentGCThread "G1 Refine#4" [stack: 0x0000000575a00000,0x0000000575b00000] [id=12788]
  0x000001916360b750 ConcurrentGCThread "G1 Refine#5" [stack: 0x0000000575b00000,0x0000000575c00000] [id=20596]
  0x000001915437e960 ConcurrentGCThread "G1 Service" [stack: 0x0000000572c00000,0x0000000572d00000] [id=16472]

Threads with active compile tasks:
C1 CompilerThread1  1702600 18453       1       org.apache.tomcat.util.modeler.NoDescriptorRegistry::unregisterComponent (1 bytes)

VM state: at safepoint (normal execution)

VM Mutex/Monitor currently owned by a thread:  ([mutex/lock_event])
[0x00000191542b7880] Threads_lock - owner thread: 0x0000019161fc0ff0
[0x00000191542b7760] Heap_lock - owner thread: 0x000001916b971a40

Heap address: 0x0000000082c00000, size: 2004 MB, Compressed Oops mode: 32-bit

CDS archive(s) not mapped
Compressed class space mapped at: 0x0000000100000000-0x0000000140000000, reserved size: 1073741824
Narrow klass base: 0x0000000000000000, Narrow klass shift: 3, Narrow klass range: 0x140000000

GC Precious Log:
 CPUs: 8 total, 8 available
 Memory: 8013M
 Large Page Support: Disabled
 NUMA Support: Disabled
 Compressed Oops: Enabled (32-bit)
 Heap Region Size: 1M
 Heap Min Capacity: 8M
 Heap Initial Capacity: 126M
 Heap Max Capacity: 2004M
 Pre-touch: Disabled
 Parallel Workers: 8
 Concurrent Workers: 2
 Concurrent Refinement Workers: 8
 Periodic GC: Disabled

Heap:
 garbage-first heap   total 225280K, used 184020K [0x0000000082c00000, 0x0000000100000000)
  region size 1024K, 103 young (105472K), 5 survivors (5120K)
 Metaspace       used 112971K, committed 115392K, reserved 1155072K
  class space    used 14800K, committed 15360K, reserved 1048576K

Heap Regions: E=young(eden), S=young(survivor), O=old, HS=humongous(starts), HC=humongous(continues), CS=collection set, F=free, OA=open archive, CA=closed archive, TAMS=top-at-mark-start (previous, next)
|   0|0x0000000082c00000, 0x0000000082d00000, 0x0000000082d00000|100%|HS|  |TAMS 0x0000000082d00000, 0x0000000082c00000| Untracked 
|   1|0x0000000082d00000, 0x0000000082e00000, 0x0000000082e00000|100%| O|  |TAMS 0x0000000082e00000, 0x0000000082d00000| Untracked 
|   2|0x0000000082e00000, 0x0000000082f00000, 0x0000000082f00000|100%| O|  |TAMS 0x0000000082f00000, 0x0000000082e00000| Untracked 
|   3|0x0000000082f00000, 0x0000000082ffffe0, 0x0000000083000000| 99%| O|  |TAMS 0x0000000082ffffe0, 0x0000000082f00000| Untracked 
|   4|0x0000000083000000, 0x00000000830fffd8, 0x0000000083100000| 99%| O|  |TAMS 0x00000000830fffd8, 0x0000000083000000| Untracked 
|   5|0x0000000083100000, 0x0000000083200000, 0x0000000083200000|100%| O|  |TAMS 0x0000000083200000, 0x0000000083100000| Untracked 
|   6|0x0000000083200000, 0x0000000083300000, 0x0000000083300000|100%| O|  |TAMS 0x0000000083300000, 0x0000000083200000| Untracked 
|   7|0x0000000083300000, 0x0000000083400000, 0x0000000083400000|100%| O|  |TAMS 0x0000000083400000, 0x0000000083300000| Untracked 
|   8|0x0000000083400000, 0x00000000834ffff8, 0x0000000083500000| 99%| O|  |TAMS 0x00000000834ffff8, 0x0000000083400000| Untracked 
|   9|0x0000000083500000, 0x0000000083600000, 0x0000000083600000|100%| O|  |TAMS 0x0000000083600000, 0x0000000083500000| Untracked 
|  10|0x0000000083600000, 0x0000000083700000, 0x0000000083700000|100%| O|  |TAMS 0x0000000083700000, 0x0000000083600000| Untracked 
|  11|0x0000000083700000, 0x00000000837ffff8, 0x0000000083800000| 99%| O|  |TAMS 0x00000000837ffff8, 0x0000000083700000| Untracked 
|  12|0x0000000083800000, 0x00000000838ffff0, 0x0000000083900000| 99%| O|  |TAMS 0x00000000838ffff0, 0x0000000083800000| Untracked 
|  13|0x0000000083900000, 0x0000000083a00000, 0x0000000083a00000|100%| O|  |TAMS 0x0000000083a00000, 0x0000000083900000| Untracked 
|  14|0x0000000083a00000, 0x0000000083afffe8, 0x0000000083b00000| 99%| O|  |TAMS 0x0000000083afffe8, 0x0000000083a00000| Untracked 
|  15|0x0000000083b00000, 0x0000000083bffff0, 0x0000000083c00000| 99%| O|  |TAMS 0x0000000083bffff0, 0x0000000083b00000| Untracked 
|  16|0x0000000083c00000, 0x0000000083cfffe8, 0x0000000083d00000| 99%| O|  |TAMS 0x0000000083cfffe8, 0x0000000083c00000| Untracked 
|  17|0x0000000083d00000, 0x0000000083dffd80, 0x0000000083e00000| 99%| O|  |TAMS 0x0000000083dffd80, 0x0000000083d00000| Untracked 
|  18|0x0000000083e00000, 0x0000000083efffe0, 0x0000000083f00000| 99%| O|  |TAMS 0x0000000083efffe0, 0x0000000083e00000| Untracked 
|  19|0x0000000083f00000, 0x0000000083fffff8, 0x0000000084000000| 99%| O|  |TAMS 0x0000000083fffff8, 0x0000000083f00000| Untracked 
|  20|0x0000000084000000, 0x00000000840ffff0, 0x0000000084100000| 99%| O|  |TAMS 0x00000000840ffff0, 0x0000000084000000| Untracked 
|  21|0x0000000084100000, 0x0000000084200000, 0x0000000084200000|100%| O|  |TAMS 0x0000000084200000, 0x0000000084100000| Untracked 
|  22|0x0000000084200000, 0x00000000842ffd10, 0x0000000084300000| 99%| O|  |TAMS 0x00000000842ffd10, 0x0000000084200000| Untracked 
|  23|0x0000000084300000, 0x00000000843fffb0, 0x0000000084400000| 99%| O|  |TAMS 0x00000000843fffb0, 0x0000000084300000| Untracked 
|  24|0x0000000084400000, 0x00000000844fffe0, 0x0000000084500000| 99%| O|  |TAMS 0x00000000844fffe0, 0x0000000084400000| Untracked 
|  25|0x0000000084500000, 0x0000000084600000, 0x0000000084600000|100%| O|  |TAMS 0x0000000084600000, 0x0000000084500000| Untracked 
|  26|0x0000000084600000, 0x00000000846fd4d8, 0x0000000084700000| 98%| O|  |TAMS 0x00000000846fd4d8, 0x0000000084600000| Untracked 
|  27|0x0000000084700000, 0x00000000847fffb8, 0x0000000084800000| 99%| O|  |TAMS 0x0000000084700000, 0x0000000084700000| Untracked 
|  28|0x0000000084800000, 0x0000000084900000, 0x0000000084900000|100%| O|  |TAMS 0x0000000084900000, 0x0000000084800000| Untracked 
|  29|0x0000000084900000, 0x0000000084a00000, 0x0000000084a00000|100%| O|  |TAMS 0x0000000084900000, 0x0000000084900000| Untracked 
|  30|0x0000000084a00000, 0x0000000084afffe8, 0x0000000084b00000| 99%| O|  |TAMS 0x0000000084a00000, 0x0000000084a00000| Untracked 
|  31|0x0000000084b00000, 0x0000000084c00000, 0x0000000084c00000|100%| O|  |TAMS 0x0000000084b00000, 0x0000000084b00000| Untracked 
|  32|0x0000000084c00000, 0x0000000084cffff0, 0x0000000084d00000| 99%| O|  |TAMS 0x0000000084c00000, 0x0000000084c00000| Untracked 
|  33|0x0000000084d00000, 0x0000000084e00000, 0x0000000084e00000|100%| O|  |TAMS 0x0000000084d00000, 0x0000000084d00000| Untracked 
|  34|0x0000000084e00000, 0x0000000084efffb0, 0x0000000084f00000| 99%| O|  |TAMS 0x0000000084e00000, 0x0000000084e00000| Untracked 
|  35|0x0000000084f00000, 0x0000000084fffff8, 0x0000000085000000| 99%| O|  |TAMS 0x0000000084fffff8, 0x0000000084f00000| Untracked 
|  36|0x0000000085000000, 0x00000000850ffff0, 0x0000000085100000| 99%| O|  |TAMS 0x00000000850ffff0, 0x0000000085000000| Untracked 
|  37|0x0000000085100000, 0x0000000085200000, 0x0000000085200000|100%| O|  |TAMS 0x0000000085200000, 0x0000000085100000| Untracked 
|  38|0x0000000085200000, 0x00000000852ffff0, 0x0000000085300000| 99%| O|  |TAMS 0x00000000852ffff0, 0x0000000085200000| Untracked 
|  39|0x0000000085300000, 0x0000000085400000, 0x0000000085400000|100%| O|  |TAMS 0x0000000085300000, 0x0000000085300000| Untracked 
|  40|0x0000000085400000, 0x00000000854fffe8, 0x0000000085500000| 99%| O|  |TAMS 0x00000000854fffe8, 0x0000000085400000| Untracked 
|  41|0x0000000085500000, 0x00000000855ffff0, 0x0000000085600000| 99%| O|  |TAMS 0x00000000855ffff0, 0x0000000085500000| Untracked 
|  42|0x0000000085600000, 0x00000000856ffff0, 0x0000000085700000| 99%| O|  |TAMS 0x00000000856ffff0, 0x0000000085600000| Untracked 
|  43|0x0000000085700000, 0x00000000857f9388, 0x0000000085800000| 97%| O|  |TAMS 0x00000000857f9388, 0x0000000085700000| Untracked 
|  44|0x0000000085800000, 0x00000000858ff578, 0x0000000085900000| 99%| O|  |TAMS 0x00000000858ff578, 0x0000000085800000| Untracked 
|  45|0x0000000085900000, 0x0000000085a00000, 0x0000000085a00000|100%| O|  |TAMS 0x0000000085a00000, 0x0000000085900000| Untracked 
|  46|0x0000000085a00000, 0x0000000085b00000, 0x0000000085b00000|100%| O|  |TAMS 0x0000000085b00000, 0x0000000085a00000| Untracked 
|  47|0x0000000085b00000, 0x0000000085bffff0, 0x0000000085c00000| 99%| O|  |TAMS 0x0000000085bffff0, 0x0000000085b00000| Untracked 
|  48|0x0000000085c00000, 0x0000000085cfffb0, 0x0000000085d00000| 99%| O|  |TAMS 0x0000000085cfffb0, 0x0000000085c00000| Untracked 
|  49|0x0000000085d00000, 0x0000000085e00000, 0x0000000085e00000|100%| O|  |TAMS 0x0000000085d00000, 0x0000000085d00000| Untracked 
|  50|0x0000000085e00000, 0x0000000085efffd8, 0x0000000085f00000| 99%| O|  |TAMS 0x0000000085e00000, 0x0000000085e00000| Untracked 
|  51|0x0000000085f00000, 0x0000000085fffff8, 0x0000000086000000| 99%| O|  |TAMS 0x0000000085fffff8, 0x0000000085f00000| Untracked 
|  52|0x0000000086000000, 0x0000000086100000, 0x0000000086100000|100%| O|  |TAMS 0x0000000086000000, 0x0000000086000000| Untracked 
|  53|0x0000000086100000, 0x00000000861ffff8, 0x0000000086200000| 99%| O|  |TAMS 0x0000000086100000, 0x0000000086100000| Untracked 
|  54|0x0000000086200000, 0x00000000862fff78, 0x0000000086300000| 99%| O|  |TAMS 0x0000000086200000, 0x0000000086200000| Untracked 
|  55|0x0000000086300000, 0x00000000863ff810, 0x0000000086400000| 99%| O|  |TAMS 0x0000000086300000, 0x0000000086300000| Untracked 
|  56|0x0000000086400000, 0x00000000864fffd0, 0x0000000086500000| 99%| O|  |TAMS 0x0000000086400000, 0x0000000086400000| Untracked 
|  57|0x0000000086500000, 0x00000000865ffff8, 0x0000000086600000| 99%| O|  |TAMS 0x00000000865ffff8, 0x0000000086500000| Untracked 
|  58|0x0000000086600000, 0x0000000086600000, 0x0000000086700000|  0%| O|  |TAMS 0x0000000086600000, 0x0000000086600000| Untracked 
|  59|0x0000000086700000, 0x00000000867d58c8, 0x0000000086800000| 83%| O|  |TAMS 0x0000000086700000, 0x0000000086700000| Untracked 
|  60|0x0000000086800000, 0x0000000086800000, 0x0000000086900000|  0%| O|  |TAMS 0x0000000086800000, 0x0000000086800000| Untracked 
|  61|0x0000000086900000, 0x0000000086900000, 0x0000000086a00000|  0%| O|  |TAMS 0x0000000086900000, 0x0000000086900000| Untracked 
|  62|0x0000000086a00000, 0x0000000086afffb0, 0x0000000086b00000| 99%| O|  |TAMS 0x0000000086a00000, 0x0000000086a00000| Untracked 
|  63|0x0000000086b00000, 0x0000000086b00000, 0x0000000086c00000|  0%| O|  |TAMS 0x0000000086b00000, 0x0000000086b00000| Untracked 
|  64|0x0000000086c00000, 0x0000000086cfffe0, 0x0000000086d00000| 99%| O|  |TAMS 0x0000000086c00000, 0x0000000086c00000| Untracked 
|  65|0x0000000086d00000, 0x0000000086e00000, 0x0000000086e00000|100%| O|  |TAMS 0x0000000086e00000, 0x0000000086d00000| Untracked 
|  66|0x0000000086e00000, 0x0000000086f00000, 0x0000000086f00000|100%| O|  |TAMS 0x0000000086e00000, 0x0000000086e00000| Untracked 
|  67|0x0000000086f00000, 0x0000000086f86c60, 0x0000000087000000| 52%| O|  |TAMS 0x0000000086f00000, 0x0000000086f00000| Untracked 
|  68|0x0000000087000000, 0x00000000870ffff0, 0x0000000087100000| 99%| O|  |TAMS 0x0000000087000000, 0x0000000087000000| Untracked 
|  69|0x0000000087100000, 0x0000000087100000, 0x0000000087200000|  0%| O|  |TAMS 0x0000000087100000, 0x0000000087100000| Untracked 
|  70|0x0000000087200000, 0x00000000872fffe8, 0x0000000087300000| 99%| O|  |TAMS 0x0000000087200000, 0x0000000087200000| Untracked 
|  71|0x0000000087300000, 0x0000000087314d08, 0x0000000087400000|  8%| O|  |TAMS 0x0000000087300000, 0x0000000087300000| Untracked 
|  72|0x0000000087400000, 0x0000000087400000, 0x0000000087500000|  0%| O|  |TAMS 0x0000000087400000, 0x0000000087400000| Untracked 
|  73|0x0000000087500000, 0x00000000875fffd8, 0x0000000087600000| 99%| F|  |TAMS 0x0000000087500000, 0x0000000087500000| Untracked 
|  74|0x0000000087600000, 0x0000000087604000, 0x0000000087700000|  1%| O|  |TAMS 0x0000000087600000, 0x0000000087600000| Untracked 
|  75|0x0000000087700000, 0x0000000087700000, 0x0000000087800000|  0%| O|  |TAMS 0x0000000087700000, 0x0000000087700000| Untracked 
|  76|0x0000000087800000, 0x0000000087800000, 0x0000000087900000|  0%| O|  |TAMS 0x0000000087800000, 0x0000000087800000| Untracked 
|  77|0x0000000087900000, 0x0000000087a00000, 0x0000000087a00000|100%| O|  |TAMS 0x0000000087a00000, 0x0000000087900000| Untracked 
|  78|0x0000000087a00000, 0x0000000087b00000, 0x0000000087b00000|100%| O|  |TAMS 0x0000000087b00000, 0x0000000087a00000| Untracked 
|  79|0x0000000087b00000, 0x0000000087b00000, 0x0000000087c00000|  0%| O|  |TAMS 0x0000000087b00000, 0x0000000087b00000| Untracked 
|  80|0x0000000087c00000, 0x0000000087c37a58, 0x0000000087d00000| 21%| O|  |TAMS 0x0000000087c00000, 0x0000000087c00000| Untracked 
|  81|0x0000000087d00000, 0x0000000087d00000, 0x0000000087e00000|  0%| O|  |TAMS 0x0000000087d00000, 0x0000000087d00000| Untracked 
|  82|0x0000000087e00000, 0x0000000087e00000, 0x0000000087f00000|  0%| F|  |TAMS 0x0000000087e00000, 0x0000000087e00000| Untracked 
|  83|0x0000000087f00000, 0x0000000087f00000, 0x0000000088000000|  0%| F|  |TAMS 0x0000000087f00000, 0x0000000087f00000| Untracked 
|  84|0x0000000088000000, 0x0000000088000000, 0x0000000088100000|  0%| F|  |TAMS 0x0000000088000000, 0x0000000088000000| Untracked 
|  85|0x0000000088100000, 0x0000000088100000, 0x0000000088200000|  0%| F|  |TAMS 0x0000000088100000, 0x0000000088100000| Untracked 
|  86|0x0000000088200000, 0x0000000088200000, 0x0000000088300000|  0%| F|  |TAMS 0x0000000088200000, 0x0000000088200000| Untracked 
|  87|0x0000000088300000, 0x0000000088300000, 0x0000000088400000|  0%| F|  |TAMS 0x0000000088300000, 0x0000000088300000| Untracked 
|  88|0x0000000088400000, 0x0000000088400000, 0x0000000088500000|  0%| F|  |TAMS 0x0000000088400000, 0x0000000088400000| Untracked 
|  89|0x0000000088500000, 0x0000000088500000, 0x0000000088600000|  0%| F|  |TAMS 0x0000000088500000, 0x0000000088500000| Untracked 
|  90|0x0000000088600000, 0x0000000088600000, 0x0000000088700000|  0%| F|  |TAMS 0x0000000088600000, 0x0000000088600000| Untracked 
|  91|0x0000000088700000, 0x0000000088700000, 0x0000000088800000|  0%| F|  |TAMS 0x0000000088700000, 0x0000000088700000| Untracked 
|  92|0x0000000088800000, 0x0000000088800000, 0x0000000088900000|  0%| F|  |TAMS 0x0000000088800000, 0x0000000088800000| Untracked 
|  93|0x0000000088900000, 0x0000000088900000, 0x0000000088a00000|  0%| O|  |TAMS 0x0000000088900000, 0x0000000088900000| Untracked 
|  94|0x0000000088a00000, 0x0000000088a00000, 0x0000000088b00000|  0%| F|  |TAMS 0x0000000088a00000, 0x0000000088a00000| Untracked 
|  95|0x0000000088b00000, 0x0000000088b00000, 0x0000000088c00000|  0%| F|  |TAMS 0x0000000088b00000, 0x0000000088b00000| Untracked 
|  96|0x0000000088c00000, 0x0000000088c00000, 0x0000000088d00000|  0%| F|  |TAMS 0x0000000088c00000, 0x0000000088c00000| Untracked 
|  97|0x0000000088d00000, 0x0000000088d00000, 0x0000000088e00000|  0%| F|  |TAMS 0x0000000088d00000, 0x0000000088d00000| Untracked 
|  98|0x0000000088e00000, 0x0000000088e00000, 0x0000000088f00000|  0%| F|  |TAMS 0x0000000088e00000, 0x0000000088e00000| Untracked 
|  99|0x0000000088f00000, 0x0000000088f00000, 0x0000000089000000|  0%| F|  |TAMS 0x0000000088f00000, 0x0000000088f00000| Untracked 
| 100|0x0000000089000000, 0x0000000089000000, 0x0000000089100000|  0%| F|  |TAMS 0x0000000089000000, 0x0000000089000000| Untracked 
| 101|0x0000000089100000, 0x0000000089100000, 0x0000000089200000|  0%| F|  |TAMS 0x0000000089100000, 0x0000000089100000| Untracked 
| 102|0x0000000089200000, 0x0000000089200000, 0x0000000089300000|  0%| F|  |TAMS 0x0000000089200000, 0x0000000089200000| Untracked 
| 103|0x0000000089300000, 0x0000000089300000, 0x0000000089400000|  0%| F|  |TAMS 0x0000000089300000, 0x0000000089300000| Untracked 
| 104|0x0000000089400000, 0x0000000089400000, 0x0000000089500000|  0%| F|  |TAMS 0x0000000089400000, 0x0000000089400000| Untracked 
| 105|0x0000000089500000, 0x0000000089500000, 0x0000000089600000|  0%| F|  |TAMS 0x0000000089500000, 0x0000000089500000| Untracked 
| 106|0x0000000089600000, 0x0000000089600000, 0x0000000089700000|  0%| F|  |TAMS 0x0000000089600000, 0x0000000089600000| Untracked 
| 107|0x0000000089700000, 0x0000000089700000, 0x0000000089800000|  0%| F|  |TAMS 0x0000000089700000, 0x0000000089700000| Untracked 
| 108|0x0000000089800000, 0x0000000089800000, 0x0000000089900000|  0%| F|  |TAMS 0x0000000089800000, 0x0000000089800000| Untracked 
| 109|0x0000000089900000, 0x0000000089900000, 0x0000000089a00000|  0%| F|  |TAMS 0x0000000089900000, 0x0000000089900000| Untracked 
| 110|0x0000000089a00000, 0x0000000089a00000, 0x0000000089b00000|  0%| F|  |TAMS 0x0000000089a00000, 0x0000000089a00000| Untracked 
| 111|0x0000000089b00000, 0x0000000089b00000, 0x0000000089c00000|  0%| F|  |TAMS 0x0000000089b00000, 0x0000000089b00000| Untracked 
| 112|0x0000000089c00000, 0x0000000089c00000, 0x0000000089d00000|  0%| F|  |TAMS 0x0000000089c00000, 0x0000000089c00000| Untracked 
| 113|0x0000000089d00000, 0x0000000089d00000, 0x0000000089e00000|  0%| F|  |TAMS 0x0000000089d00000, 0x0000000089d00000| Untracked 
| 114|0x0000000089e00000, 0x0000000089e00000, 0x0000000089f00000|  0%| F|  |TAMS 0x0000000089e00000, 0x0000000089e00000| Untracked 
| 115|0x0000000089f00000, 0x0000000089f00000, 0x000000008a000000|  0%| S|  |TAMS 0x0000000089f00000, 0x0000000089f00000| Untracked 
| 116|0x000000008a000000, 0x000000008a000000, 0x000000008a100000|  0%| S|  |TAMS 0x000000008a000000, 0x000000008a000000| Untracked 
| 117|0x000000008a100000, 0x000000008a100000, 0x000000008a200000|  0%| S|  |TAMS 0x000000008a100000, 0x000000008a100000| Untracked 
| 118|0x000000008a200000, 0x000000008a200000, 0x000000008a300000|  0%| S|  |TAMS 0x000000008a200000, 0x000000008a200000| Untracked 
| 119|0x000000008a300000, 0x000000008a300000, 0x000000008a400000|  0%| S|  |TAMS 0x000000008a300000, 0x000000008a300000| Untracked 
| 120|0x000000008a400000, 0x000000008a400000, 0x000000008a500000|  0%| F|  |TAMS 0x000000008a400000, 0x000000008a400000| Untracked 
| 121|0x000000008a500000, 0x000000008a500000, 0x000000008a600000|  0%| F|  |TAMS 0x000000008a500000, 0x000000008a500000| Untracked 
| 122|0x000000008a600000, 0x000000008a600000, 0x000000008a700000|  0%| E|  |TAMS 0x000000008a600000, 0x000000008a600000| Untracked 
| 123|0x000000008a700000, 0x000000008a700000, 0x000000008a800000|  0%| E|  |TAMS 0x000000008a700000, 0x000000008a700000| Untracked 
| 124|0x000000008a800000, 0x000000008a800000, 0x000000008a900000|  0%| E|  |TAMS 0x000000008a800000, 0x000000008a800000| Untracked 
| 125|0x000000008a900000, 0x000000008a900000, 0x000000008aa00000|  0%| E|  |TAMS 0x000000008a900000, 0x000000008a900000| Untracked 
| 126|0x000000008aa00000, 0x000000008aa00000, 0x000000008ab00000|  0%| E|  |TAMS 0x000000008aa00000, 0x000000008aa00000| Untracked 
| 127|0x000000008ab00000, 0x000000008ab00000, 0x000000008ac00000|  0%| E|  |TAMS 0x000000008ab00000, 0x000000008ab00000| Untracked 
| 128|0x000000008ac00000, 0x000000008ac00000, 0x000000008ad00000|  0%| E|  |TAMS 0x000000008ac00000, 0x000000008ac00000| Untracked 
| 129|0x000000008ad00000, 0x000000008ad00000, 0x000000008ae00000|  0%| E|  |TAMS 0x000000008ad00000, 0x000000008ad00000| Untracked 
| 130|0x000000008ae00000, 0x000000008ae00000, 0x000000008af00000|  0%| E|  |TAMS 0x000000008ae00000, 0x000000008ae00000| Untracked 
| 131|0x000000008af00000, 0x000000008af00000, 0x000000008b000000|  0%| E|  |TAMS 0x000000008af00000, 0x000000008af00000| Untracked 
| 132|0x000000008b000000, 0x000000008b000000, 0x000000008b100000|  0%| E|  |TAMS 0x000000008b000000, 0x000000008b000000| Untracked 
| 133|0x000000008b100000, 0x000000008b100000, 0x000000008b200000|  0%| E|  |TAMS 0x000000008b100000, 0x000000008b100000| Untracked 
| 134|0x000000008b200000, 0x000000008b200000, 0x000000008b300000|  0%| E|  |TAMS 0x000000008b200000, 0x000000008b200000| Untracked 
| 135|0x000000008b300000, 0x000000008b300000, 0x000000008b400000|  0%| E|  |TAMS 0x000000008b300000, 0x000000008b300000| Untracked 
| 136|0x000000008b400000, 0x000000008b400000, 0x000000008b500000|  0%| E|  |TAMS 0x000000008b400000, 0x000000008b400000| Untracked 
| 137|0x000000008b500000, 0x000000008b500000, 0x000000008b600000|  0%| E|  |TAMS 0x000000008b500000, 0x000000008b500000| Untracked 
| 138|0x000000008b600000, 0x000000008b600000, 0x000000008b700000|  0%| E|  |TAMS 0x000000008b600000, 0x000000008b600000| Untracked 
| 139|0x000000008b700000, 0x000000008b700000, 0x000000008b800000|  0%| E|  |TAMS 0x000000008b700000, 0x000000008b700000| Untracked 
| 140|0x000000008b800000, 0x000000008b800000, 0x000000008b900000|  0%| E|  |TAMS 0x000000008b800000, 0x000000008b800000| Untracked 
| 141|0x000000008b900000, 0x000000008b900000, 0x000000008ba00000|  0%| E|  |TAMS 0x000000008b900000, 0x000000008b900000| Untracked 
| 142|0x000000008ba00000, 0x000000008ba00000, 0x000000008bb00000|  0%| E|  |TAMS 0x000000008ba00000, 0x000000008ba00000| Untracked 
| 143|0x000000008bb00000, 0x000000008bb00000, 0x000000008bc00000|  0%| E|  |TAMS 0x000000008bb00000, 0x000000008bb00000| Untracked 
| 144|0x000000008bc00000, 0x000000008bc00000, 0x000000008bd00000|  0%| E|  |TAMS 0x000000008bc00000, 0x000000008bc00000| Untracked 
| 145|0x000000008bd00000, 0x000000008bd00000, 0x000000008be00000|  0%| E|  |TAMS 0x000000008bd00000, 0x000000008bd00000| Untracked 
| 146|0x000000008be00000, 0x000000008be00000, 0x000000008bf00000|  0%| E|  |TAMS 0x000000008be00000, 0x000000008be00000| Untracked 
| 147|0x000000008bf00000, 0x000000008bf00000, 0x000000008c000000|  0%| E|  |TAMS 0x000000008bf00000, 0x000000008bf00000| Untracked 
| 148|0x000000008c000000, 0x000000008c000000, 0x000000008c100000|  0%| E|  |TAMS 0x000000008c000000, 0x000000008c000000| Untracked 
| 149|0x000000008c100000, 0x000000008c100000, 0x000000008c200000|  0%| E|  |TAMS 0x000000008c100000, 0x000000008c100000| Untracked 
| 150|0x000000008c200000, 0x000000008c200000, 0x000000008c300000|  0%| E|  |TAMS 0x000000008c200000, 0x000000008c200000| Untracked 
| 151|0x000000008c300000, 0x000000008c300000, 0x000000008c400000|  0%| E|  |TAMS 0x000000008c300000, 0x000000008c300000| Untracked 
| 152|0x000000008c400000, 0x000000008c400000, 0x000000008c500000|  0%| E|  |TAMS 0x000000008c400000, 0x000000008c400000| Untracked 
| 153|0x000000008c500000, 0x000000008c500000, 0x000000008c600000|  0%| E|  |TAMS 0x000000008c500000, 0x000000008c500000| Untracked 
| 154|0x000000008c600000, 0x000000008c600000, 0x000000008c700000|  0%| E|  |TAMS 0x000000008c600000, 0x000000008c600000| Untracked 
| 155|0x000000008c700000, 0x000000008c700000, 0x000000008c800000|  0%| E|  |TAMS 0x000000008c700000, 0x000000008c700000| Untracked 
| 156|0x000000008c800000, 0x000000008c800000, 0x000000008c900000|  0%| E|  |TAMS 0x000000008c800000, 0x000000008c800000| Untracked 
| 157|0x000000008c900000, 0x000000008c900000, 0x000000008ca00000|  0%| E|  |TAMS 0x000000008c900000, 0x000000008c900000| Untracked 
| 158|0x000000008ca00000, 0x000000008ca00000, 0x000000008cb00000|  0%| E|  |TAMS 0x000000008ca00000, 0x000000008ca00000| Untracked 
| 159|0x000000008cb00000, 0x000000008cb00000, 0x000000008cc00000|  0%| E|  |TAMS 0x000000008cb00000, 0x000000008cb00000| Untracked 
| 160|0x000000008cc00000, 0x000000008cc00000, 0x000000008cd00000|  0%| E|  |TAMS 0x000000008cc00000, 0x000000008cc00000| Untracked 
| 161|0x000000008cd00000, 0x000000008cd00000, 0x000000008ce00000|  0%| E|  |TAMS 0x000000008cd00000, 0x000000008cd00000| Untracked 
| 162|0x000000008ce00000, 0x000000008ce00000, 0x000000008cf00000|  0%| E|  |TAMS 0x000000008ce00000, 0x000000008ce00000| Untracked 
| 163|0x000000008cf00000, 0x000000008cf00000, 0x000000008d000000|  0%| E|  |TAMS 0x000000008cf00000, 0x000000008cf00000| Untracked 
| 164|0x000000008d000000, 0x000000008d000000, 0x000000008d100000|  0%| E|  |TAMS 0x000000008d000000, 0x000000008d000000| Untracked 
| 165|0x000000008d100000, 0x000000008d100000, 0x000000008d200000|  0%| E|  |TAMS 0x000000008d100000, 0x000000008d100000| Untracked 
| 166|0x000000008d200000, 0x000000008d200000, 0x000000008d300000|  0%| E|  |TAMS 0x000000008d200000, 0x000000008d200000| Untracked 
| 167|0x000000008d300000, 0x000000008d300000, 0x000000008d400000|  0%| E|  |TAMS 0x000000008d300000, 0x000000008d300000| Untracked 
| 168|0x000000008d400000, 0x000000008d400000, 0x000000008d500000|  0%| E|  |TAMS 0x000000008d400000, 0x000000008d400000| Untracked 
| 169|0x000000008d500000, 0x000000008d500000, 0x000000008d600000|  0%| E|  |TAMS 0x000000008d500000, 0x000000008d500000| Untracked 
| 170|0x000000008d600000, 0x000000008d600000, 0x000000008d700000|  0%| E|  |TAMS 0x000000008d600000, 0x000000008d600000| Untracked 
| 171|0x000000008d700000, 0x000000008d700000, 0x000000008d800000|  0%| E|  |TAMS 0x000000008d700000, 0x000000008d700000| Untracked 
| 172|0x000000008d800000, 0x000000008d800000, 0x000000008d900000|  0%| E|  |TAMS 0x000000008d800000, 0x000000008d800000| Untracked 
| 173|0x000000008d900000, 0x000000008d900000, 0x000000008da00000|  0%| E|  |TAMS 0x000000008d900000, 0x000000008d900000| Untracked 
| 174|0x000000008da00000, 0x000000008da00000, 0x000000008db00000|  0%| E|  |TAMS 0x000000008da00000, 0x000000008da00000| Untracked 
| 175|0x000000008db00000, 0x000000008db00000, 0x000000008dc00000|  0%| E|  |TAMS 0x000000008db00000, 0x000000008db00000| Untracked 
| 176|0x000000008dc00000, 0x000000008dc00000, 0x000000008dd00000|  0%| E|  |TAMS 0x000000008dc00000, 0x000000008dc00000| Untracked 
| 177|0x000000008dd00000, 0x000000008dd00000, 0x000000008de00000|  0%| E|  |TAMS 0x000000008dd00000, 0x000000008dd00000| Untracked 
| 178|0x000000008de00000, 0x000000008de00000, 0x000000008df00000|  0%| E|  |TAMS 0x000000008de00000, 0x000000008de00000| Untracked 
| 179|0x000000008df00000, 0x000000008df00000, 0x000000008e000000|  0%| E|  |TAMS 0x000000008df00000, 0x000000008df00000| Untracked 
| 180|0x000000008e000000, 0x000000008e000000, 0x000000008e100000|  0%| E|  |TAMS 0x000000008e000000, 0x000000008e000000| Untracked 
| 181|0x000000008e100000, 0x000000008e100000, 0x000000008e200000|  0%| E|  |TAMS 0x000000008e100000, 0x000000008e100000| Untracked 
| 182|0x000000008e200000, 0x000000008e200000, 0x000000008e300000|  0%| E|  |TAMS 0x000000008e200000, 0x000000008e200000| Untracked 
| 183|0x000000008e300000, 0x000000008e300000, 0x000000008e400000|  0%| E|  |TAMS 0x000000008e300000, 0x000000008e300000| Untracked 
| 184|0x000000008e400000, 0x000000008e400000, 0x000000008e500000|  0%| E|  |TAMS 0x000000008e400000, 0x000000008e400000| Untracked 
| 185|0x000000008e500000, 0x000000008e500000, 0x000000008e600000|  0%| E|  |TAMS 0x000000008e500000, 0x000000008e500000| Untracked 
| 186|0x000000008e600000, 0x000000008e600000, 0x000000008e700000|  0%| E|  |TAMS 0x000000008e600000, 0x000000008e600000| Untracked 
| 187|0x000000008e700000, 0x000000008e700000, 0x000000008e800000|  0%| E|  |TAMS 0x000000008e700000, 0x000000008e700000| Untracked 
| 188|0x000000008e800000, 0x000000008e800000, 0x000000008e900000|  0%| E|  |TAMS 0x000000008e800000, 0x000000008e800000| Untracked 
| 189|0x000000008e900000, 0x000000008e900000, 0x000000008ea00000|  0%| E|  |TAMS 0x000000008e900000, 0x000000008e900000| Untracked 
| 190|0x000000008ea00000, 0x000000008ea00000, 0x000000008eb00000|  0%| E|  |TAMS 0x000000008ea00000, 0x000000008ea00000| Untracked 
| 191|0x000000008eb00000, 0x000000008eb00000, 0x000000008ec00000|  0%| E|  |TAMS 0x000000008eb00000, 0x000000008eb00000| Untracked 
| 192|0x000000008ec00000, 0x000000008ec00000, 0x000000008ed00000|  0%| E|  |TAMS 0x000000008ec00000, 0x000000008ec00000| Untracked 
| 193|0x000000008ed00000, 0x000000008ed00000, 0x000000008ee00000|  0%| E|  |TAMS 0x000000008ed00000, 0x000000008ed00000| Untracked 
| 194|0x000000008ee00000, 0x000000008ee00000, 0x000000008ef00000|  0%| E|  |TAMS 0x000000008ee00000, 0x000000008ee00000| Untracked 
| 195|0x000000008ef00000, 0x000000008ef00000, 0x000000008f000000|  0%| E|  |TAMS 0x000000008ef00000, 0x000000008ef00000| Untracked 
| 196|0x000000008f000000, 0x000000008f000000, 0x000000008f100000|  0%| E|  |TAMS 0x000000008f000000, 0x000000008f000000| Untracked 
| 197|0x000000008f100000, 0x000000008f100000, 0x000000008f200000|  0%| E|  |TAMS 0x000000008f100000, 0x000000008f100000| Untracked 
| 198|0x000000008f200000, 0x000000008f200000, 0x000000008f300000|  0%| E|  |TAMS 0x000000008f200000, 0x000000008f200000| Untracked 
| 199|0x000000008f300000, 0x000000008f300000, 0x000000008f400000|  0%| E|  |TAMS 0x000000008f300000, 0x000000008f300000| Untracked 
| 200|0x000000008f400000, 0x000000008f400000, 0x000000008f500000|  0%| E|  |TAMS 0x000000008f400000, 0x000000008f400000| Untracked 
| 201|0x000000008f500000, 0x000000008f500000, 0x000000008f600000|  0%| E|  |TAMS 0x000000008f500000, 0x000000008f500000| Untracked 
| 202|0x000000008f600000, 0x000000008f600000, 0x000000008f700000|  0%| E|  |TAMS 0x000000008f600000, 0x000000008f600000| Untracked 
| 203|0x000000008f700000, 0x000000008f700000, 0x000000008f800000|  0%| E|  |TAMS 0x000000008f700000, 0x000000008f700000| Untracked 
| 204|0x000000008f800000, 0x000000008f800000, 0x000000008f900000|  0%| E|  |TAMS 0x000000008f800000, 0x000000008f800000| Untracked 
| 205|0x000000008f900000, 0x000000008f900000, 0x000000008fa00000|  0%| E|  |TAMS 0x000000008f900000, 0x000000008f900000| Untracked 
| 206|0x000000008fa00000, 0x000000008fa00000, 0x000000008fb00000|  0%| E|  |TAMS 0x000000008fa00000, 0x000000008fa00000| Untracked 
| 207|0x000000008fb00000, 0x000000008fb00000, 0x000000008fc00000|  0%| E|  |TAMS 0x000000008fb00000, 0x000000008fb00000| Untracked 
| 208|0x000000008fc00000, 0x000000008fc00000, 0x000000008fd00000|  0%| E|  |TAMS 0x000000008fc00000, 0x000000008fc00000| Untracked 
| 209|0x000000008fd00000, 0x000000008fd00000, 0x000000008fe00000|  0%| E|  |TAMS 0x000000008fd00000, 0x000000008fd00000| Untracked 
| 210|0x000000008fe00000, 0x000000008fe00000, 0x000000008ff00000|  0%| E|  |TAMS 0x000000008fe00000, 0x000000008fe00000| Untracked 
| 211|0x000000008ff00000, 0x000000008ff00000, 0x0000000090000000|  0%| E|  |TAMS 0x000000008ff00000, 0x000000008ff00000| Untracked 
| 212|0x0000000090000000, 0x0000000090000000, 0x0000000090100000|  0%| E|  |TAMS 0x0000000090000000, 0x0000000090000000| Untracked 
| 213|0x0000000090100000, 0x0000000090100000, 0x0000000090200000|  0%| E|  |TAMS 0x0000000090100000, 0x0000000090100000| Untracked 
| 214|0x0000000090200000, 0x0000000090200000, 0x0000000090300000|  0%| E|  |TAMS 0x0000000090200000, 0x0000000090200000| Untracked 
| 215|0x0000000090300000, 0x0000000090300000, 0x0000000090400000|  0%| E|  |TAMS 0x0000000090300000, 0x0000000090300000| Untracked 
| 216|0x0000000090400000, 0x0000000090400000, 0x0000000090500000|  0%| E|  |TAMS 0x0000000090400000, 0x0000000090400000| Untracked 
| 217|0x0000000090500000, 0x0000000090500000, 0x0000000090600000|  0%| E|  |TAMS 0x0000000090500000, 0x0000000090500000| Untracked 
| 218|0x0000000090600000, 0x0000000090600000, 0x0000000090700000|  0%| E|  |TAMS 0x0000000090600000, 0x0000000090600000| Untracked 
| 219|0x0000000090700000, 0x0000000090700000, 0x0000000090800000|  0%| E|  |TAMS 0x0000000090700000, 0x0000000090700000| Untracked 

Card table byte_map: [0x000001915ae70000,0x000001915b260000] _byte_map_base: 0x000001915aa5a000

Marking Bits (Prev, Next): (CMBitMap*) 0x0000019154317850, (CMBitMap*) 0x0000019154317890
 Prev Bits: [0x000001915b650000, 0x000001915d5a0000)
 Next Bits: [0x000001915d5a0000, 0x000001915f4f0000)

Polling page: 0x0000019152430000

Metaspace:

Usage:
  Non-class:     95.87 MB used.
      Class:     14.45 MB used.
       Both:    110.32 MB used.

Virtual space:
  Non-class space:      104.00 MB reserved,      97.69 MB ( 94%) committed,  13 nodes.
      Class space:        1.00 GB reserved,      15.00 MB (  1%) committed,  1 nodes.
             Both:        1.10 GB reserved,     112.69 MB ( 10%) committed. 

Chunk freelists:
   Non-Class:  3.45 MB
       Class:  1.00 MB
        Both:  4.45 MB

MaxMetaspaceSize: unlimited
CompressedClassSpaceSize: 1.00 GB
Initial GC threshold: 21.00 MB
Current GC threshold: 185.00 MB
CDS: off
MetaspaceReclaimPolicy: balanced
 - commit_granule_bytes: 65536.
 - commit_granule_words: 8192.
 - virtual_space_node_default_size: 1048576.
 - enlarge_chunks_in_place: 1.
 - new_chunks_are_fully_committed: 0.
 - uncommit_free_chunks: 1.
 - use_allocation_guard: 0.
 - handle_deallocations: 1.


Internal statistics:

num_allocs_failed_limit: 12.
num_arena_births: 1832.
num_arena_deaths: 708.
num_vsnodes_births: 14.
num_vsnodes_deaths: 0.
num_space_committed: 1810.
num_space_uncommitted: 9.
num_chunks_returned_to_freelist: 1194.
num_chunks_taken_from_freelist: 6656.
num_chunk_merges: 287.
num_chunk_splits: 4145.
num_chunks_enlarged: 2824.
num_purges: 16.
num_inconsistent_stats: 0.

CodeCache: size=49152Kb used=33694Kb max_used=34807Kb free=15457Kb
 bounds [0x0000019157970000, 0x0000019159c00000, 0x000001915a970000]
 total_blobs=19020 nmethods=18264 adapters=681
 compilation: enabled
              stopped_count=0, restarted_count=0
 full_count=0

Compilation events (20 events):
Event: 1701.233 Thread 0x000001916c3f4c70 nmethod 18443 0x0000019159acd090 code [0x0000019159acd220, 0x0000019159acd3e8]
Event: 1702.463 Thread 0x0000019162834d40 18444       1       java.util.concurrent.CopyOnWriteArrayList::toArray (44 bytes)
Event: 1702.463 Thread 0x0000019162834d40 nmethod 18444 0x0000019159acca90 code [0x0000019159accc40, 0x0000019159accf58]
Event: 1702.463 Thread 0x000001916c3f74f0 18445   !   1       org.apache.catalina.startup.Tomcat$FixContextListener::lifecycleEvent (81 bytes)
Event: 1702.463 Thread 0x0000019162834d40 18446       1       org.apache.catalina.LifecycleEvent::getLifecycle (8 bytes)
Event: 1702.463 Thread 0x0000019162834d40 nmethod 18446 0x0000019159acc710 code [0x0000019159acc8a0, 0x0000019159acc9b8]
Event: 1702.463 Thread 0x0000019162834d40 18447       1       org.springframework.boot.web.embedded.tomcat.TomcatServletWebServerFactory$StaticResourceConfigurer::lifecycleEvent (24 bytes)
Event: 1702.463 Thread 0x0000019162834d40 nmethod 18447 0x0000019159acc210 code [0x0000019159acc3c0, 0x0000019159acc528]
Event: 1702.463 Thread 0x0000019162834d40 18448       1       org.apache.catalina.core.StandardHost$MemoryLeakTrackingListener::lifecycleEvent (66 bytes)
Event: 1702.464 Thread 0x000001916c3f74f0 nmethod 18445 0x0000019159acb410 code [0x0000019159acb660, 0x0000019159acbc08]
Event: 1702.464 Thread 0x0000019162834d40 nmethod 18448 0x0000019159acac90 code [0x0000019159acae80, 0x0000019159acb1a8]
Event: 1702.464 Thread 0x0000019162834d40 18449       1       org.springframework.boot.autoconfigure.web.embedded.TomcatWebServerFactoryCustomizer$$Lambda$809/0x00000001005c5070::lifecycleEvent (13 bytes)
Event: 1702.464 Thread 0x0000019162834d40 nmethod 18449 0x0000019159aca990 code [0x0000019159acab20, 0x0000019159acac28]
Event: 1702.464 Thread 0x0000019162834d40 18450       1       org.springframework.boot.autoconfigure.web.embedded.TomcatWebServerFactoryCustomizer::lambda$customizeStaticResources$23 (56 bytes)
Event: 1702.464 Thread 0x0000019162834d40 nmethod 18450 0x0000019159aca090 code [0x0000019159aca280, 0x0000019159aca5a8]
Event: 1702.464 Thread 0x0000019162834d40 18451       1       org.springframework.boot.web.embedded.tomcat.TomcatWebServer$$Lambda$810/0x00000001005c5778::lifecycleEvent (13 bytes)
Event: 1702.465 Thread 0x0000019162834d40 nmethod 18451 0x0000019159ac9c10 code [0x0000019159ac9dc0, 0x0000019159ac9f28]
Event: 1702.465 Thread 0x0000019162834d40 18452       1       org.springframework.boot.web.embedded.tomcat.TomcatWebServer::lambda$initialize$0 (29 bytes)
Event: 1702.465 Thread 0x0000019162834d40 nmethod 18452 0x0000019159ac9810 code [0x0000019159ac99c0, 0x0000019159ac9b28]
Event: 1702.473 Thread 0x000001916c3f74f0 18453       1       org.apache.tomcat.util.modeler.NoDescriptorRegistry::unregisterComponent (1 bytes)

GC Heap History (20 events):
Event: 1620.891 GC heap after
{Heap after GC invocations=92 (full 6):
 garbage-first heap   total 225280K, used 77317K [0x0000000082c00000, 0x0000000100000000)
  region size 1024K, 14 young (14336K), 14 survivors (14336K)
 Metaspace       used 111878K, committed 112704K, reserved 1146880K
  class space    used 14717K, committed 15104K, reserved 1048576K
}
Event: 1621.383 GC heap before
{Heap before GC invocations=92 (full 6):
 garbage-first heap   total 225280K, used 180741K [0x0000000082c00000, 0x0000000100000000)
  region size 1024K, 115 young (117760K), 14 survivors (14336K)
 Metaspace       used 112341K, committed 113152K, reserved 1155072K
  class space    used 14748K, committed 15104K, reserved 1048576K
}
Event: 1621.391 GC heap after
{Heap after GC invocations=93 (full 6):
 garbage-first heap   total 225280K, used 79424K [0x0000000082c00000, 0x0000000100000000)
  region size 1024K, 9 young (9216K), 9 survivors (9216K)
 Metaspace       used 112341K, committed 113152K, reserved 1155072K
  class space    used 14748K, committed 15104K, reserved 1048576K
}
Event: 1621.820 GC heap before
{Heap before GC invocations=93 (full 6):
 garbage-first heap   total 225280K, used 183872K [0x0000000082c00000, 0x0000000100000000)
  region size 1024K, 110 young (112640K), 9 survivors (9216K)
 Metaspace       used 112556K, committed 113408K, reserved 1155072K
  class space    used 14764K, committed 15168K, reserved 1048576K
}
Event: 1621.826 GC heap after
{Heap after GC invocations=94 (full 6):
 garbage-first heap   total 225280K, used 84765K [0x0000000082c00000, 0x0000000100000000)
  region size 1024K, 7 young (7168K), 7 survivors (7168K)
 Metaspace       used 112556K, committed 113408K, reserved 1155072K
  class space    used 14764K, committed 15168K, reserved 1048576K
}
Event: 1621.954 GC heap before
{Heap before GC invocations=94 (full 6):
 garbage-first heap   total 225280K, used 184093K [0x0000000082c00000, 0x0000000100000000)
  region size 1024K, 103 young (105472K), 7 survivors (7168K)
 Metaspace       used 112556K, committed 113408K, reserved 1155072K
  class space    used 14764K, committed 15168K, reserved 1048576K
}
Event: 1621.957 GC heap after
{Heap after GC invocations=95 (full 6):
 garbage-first heap   total 225280K, used 84302K [0x0000000082c00000, 0x0000000100000000)
  region size 1024K, 6 young (6144K), 6 survivors (6144K)
 Metaspace       used 112556K, committed 113408K, reserved 1155072K
  class space    used 14764K, committed 15168K, reserved 1048576K
}
Event: 1643.400 GC heap before
{Heap before GC invocations=95 (full 6):
 garbage-first heap   total 225280K, used 155982K [0x0000000082c00000, 0x0000000100000000)
  region size 1024K, 78 young (79872K), 6 survivors (6144K)
 Metaspace       used 112850K, committed 113664K, reserved 1155072K
  class space    used 14788K, committed 15168K, reserved 1048576K
}
Event: 1643.515 GC heap after
{Heap after GC invocations=96 (full 7):
 garbage-first heap   total 225280K, used 64953K [0x0000000082c00000, 0x0000000100000000)
  region size 1024K, 0 young (0K), 0 survivors (0K)
 Metaspace       used 112828K, committed 113664K, reserved 1155072K
  class space    used 14785K, committed 15168K, reserved 1048576K
}
Event: 1644.446 GC heap before
{Heap before GC invocations=96 (full 7):
 garbage-first heap   total 225280K, used 183737K [0x0000000082c00000, 0x0000000100000000)
  region size 1024K, 116 young (118784K), 0 survivors (0K)
 Metaspace       used 113676K, committed 114496K, reserved 1155072K
  class space    used 14886K, committed 15296K, reserved 1048576K
}
Event: 1644.452 GC heap after
{Heap after GC invocations=97 (full 7):
 garbage-first heap   total 225280K, used 72705K [0x0000000082c00000, 0x0000000100000000)
  region size 1024K, 8 young (8192K), 8 survivors (8192K)
 Metaspace       used 113676K, committed 114496K, reserved 1155072K
  class space    used 14886K, committed 15296K, reserved 1048576K
}
Event: 1650.499 GC heap before
{Heap before GC invocations=97 (full 7):
 garbage-first heap   total 225280K, used 182273K [0x0000000082c00000, 0x0000000100000000)
  region size 1024K, 115 young (117760K), 8 survivors (8192K)
 Metaspace       used 114186K, committed 115008K, reserved 1155072K
  class space    used 14924K, committed 15296K, reserved 1048576K
}
Event: 1650.506 GC heap after
{Heap after GC invocations=98 (full 7):
 garbage-first heap   total 225280K, used 78435K [0x0000000082c00000, 0x0000000100000000)
  region size 1024K, 14 young (14336K), 14 survivors (14336K)
 Metaspace       used 114186K, committed 115008K, reserved 1155072K
  class space    used 14924K, committed 15296K, reserved 1048576K
}
Event: 1650.882 GC heap before
{Heap before GC invocations=98 (full 7):
 garbage-first heap   total 225280K, used 180835K [0x0000000082c00000, 0x0000000100000000)
  region size 1024K, 114 young (116736K), 14 survivors (14336K)
 Metaspace       used 114653K, committed 115520K, reserved 1155072K
  class space    used 14955K, committed 15360K, reserved 1048576K
}
Event: 1650.890 GC heap after
{Heap after GC invocations=99 (full 7):
 garbage-first heap   total 225280K, used 81276K [0x0000000082c00000, 0x0000000100000000)
  region size 1024K, 10 young (10240K), 10 survivors (10240K)
 Metaspace       used 114653K, committed 115520K, reserved 1155072K
  class space    used 14955K, committed 15360K, reserved 1048576K
}
Event: 1651.344 GC heap before
{Heap before GC invocations=99 (full 7):
 garbage-first heap   total 225280K, used 183676K [0x0000000082c00000, 0x0000000100000000)
  region size 1024K, 109 young (111616K), 10 survivors (10240K)
 Metaspace       used 114858K, committed 115648K, reserved 1155072K
  class space    used 14968K, committed 15360K, reserved 1048576K
}
Event: 1651.350 GC heap after
{Heap after GC invocations=100 (full 7):
 garbage-first heap   total 225280K, used 83411K [0x0000000082c00000, 0x0000000100000000)
  region size 1024K, 5 young (5120K), 5 survivors (5120K)
 Metaspace       used 114858K, committed 115648K, reserved 1155072K
  class space    used 14968K, committed 15360K, reserved 1048576K
}
Event: 1651.485 GC heap before
{Heap before GC invocations=100 (full 7):
 garbage-first heap   total 225280K, used 185811K [0x0000000082c00000, 0x0000000100000000)
  region size 1024K, 104 young (106496K), 5 survivors (5120K)
 Metaspace       used 114858K, committed 115648K, reserved 1155072K
  class space    used 14968K, committed 15360K, reserved 1048576K
}
Event: 1651.487 GC heap after
{Heap after GC invocations=101 (full 7):
 garbage-first heap   total 225280K, used 83019K [0x0000000082c00000, 0x0000000100000000)
  region size 1024K, 5 young (5120K), 5 survivors (5120K)
 Metaspace       used 114858K, committed 115648K, reserved 1155072K
  class space    used 14968K, committed 15360K, reserved 1048576K
}
Event: 1702.473 GC heap before
{Heap before GC invocations=101 (full 7):
 garbage-first heap   total 225280K, used 182347K [0x0000000082c00000, 0x0000000100000000)
  region size 1024K, 103 young (105472K), 5 survivors (5120K)
 Metaspace       used 115182K, committed 115968K, reserved 1155072K
  class space    used 14989K, committed 15360K, reserved 1048576K
}

Deoptimization events (20 events):
Event: 1702.467 Thread 0x000001916b971a40 DEOPT PACKING pc=0x000001915813029c sp=0x00000005751fbe70
Event: 1702.467 Thread 0x000001916b971a40 DEOPT UNPACKING pc=0x00000191579c2b43 sp=0x00000005751fb3a8 mode 1
Event: 1702.467 Thread 0x000001916b971a40 DEOPT PACKING pc=0x0000019158131434 sp=0x00000005751fbf60
Event: 1702.467 Thread 0x000001916b971a40 DEOPT UNPACKING pc=0x00000191579c2b43 sp=0x00000005751fb510 mode 1
Event: 1702.467 Thread 0x000001916b971a40 DEOPT PACKING pc=0x000001915812cb14 sp=0x00000005751fc0d0
Event: 1702.467 Thread 0x000001916b971a40 DEOPT UNPACKING pc=0x00000191579c2b43 sp=0x00000005751fb6a0 mode 1
Event: 1702.473 Thread 0x000001916b971570 DEOPT PACKING pc=0x0000019158cf1e3c sp=0x0000000574cfed80
Event: 1702.473 Thread 0x000001916b971570 DEOPT UNPACKING pc=0x00000191579c2b43 sp=0x0000000574cfe320 mode 1
Event: 1702.473 Thread 0x000001916b971570 DEOPT PACKING pc=0x0000019157ae073c sp=0x0000000574cfeef0
Event: 1702.473 Thread 0x000001916b971570 DEOPT UNPACKING pc=0x00000191579c2b43 sp=0x0000000574cfe438 mode 1
Event: 1702.473 Thread 0x000001916b971570 DEOPT PACKING pc=0x0000019157ae1cdc sp=0x0000000574cff010
Event: 1702.473 Thread 0x000001916b971570 DEOPT UNPACKING pc=0x00000191579c2b43 sp=0x0000000574cfe4b0 mode 1
Event: 1702.473 Thread 0x000001916b970700 DEOPT PACKING pc=0x0000019158cf1e3c sp=0x0000000574bfeb30
Event: 1702.473 Thread 0x000001916b971570 DEOPT PACKING pc=0x0000019157fe9a5c sp=0x0000000574cff050
Event: 1702.473 Thread 0x000001916b970700 DEOPT UNPACKING pc=0x00000191579c2b43 sp=0x0000000574bfe0d0 mode 1
Event: 1702.473 Thread 0x000001916b971570 DEOPT UNPACKING pc=0x00000191579c2b43 sp=0x0000000574cfe548 mode 1
Event: 1702.473 Thread 0x000001916b970700 DEOPT PACKING pc=0x0000019157ae0824 sp=0x0000000574bfeca0
Event: 1702.473 Thread 0x000001916b970700 DEOPT UNPACKING pc=0x00000191579c2b43 sp=0x0000000574bfe1e8 mode 1
Event: 1702.473 Thread 0x000001916b970700 DEOPT PACKING pc=0x0000019157ae1cdc sp=0x0000000574bfedc0
Event: 1702.473 Thread 0x000001916b970700 DEOPT UNPACKING pc=0x00000191579c2b43 sp=0x0000000574bfe260 mode 1

Classes unloaded (20 events):
Event: 1702.500 Thread 0x0000019161fc0ff0 Unloading class 0x0000000100dd6db0 'vn/iostar/controller/user/UserController'
Event: 1702.500 Thread 0x0000019161fc0ff0 Unloading class 0x0000000100dd6b78 'vn/iostar/controller/user/ShareController'
Event: 1702.500 Thread 0x0000019161fc0ff0 Unloading class 0x0000000100dd6898 'vn/iostar/controller/user/PostGroupController'
Event: 1702.500 Thread 0x0000019161fc0ff0 Unloading class 0x0000000100dd6650 'vn/iostar/controller/user/PostController'
Event: 1702.500 Thread 0x0000019161fc0ff0 Unloading class 0x0000000100dd6430 'vn/iostar/controller/user/MessageController'
Event: 1702.500 Thread 0x0000019161fc0ff0 Unloading class 0x0000000100dd6220 'vn/iostar/controller/user/MemberPostGroupController'
Event: 1702.500 Thread 0x0000019161fc0ff0 Unloading class 0x0000000100dd6000 'vn/iostar/controller/user/LikeShareController'
Event: 1702.500 Thread 0x0000019161fc0ff0 Unloading class 0x0000000100ddbd18 'vn/iostar/controller/user/LikePostController'
Event: 1702.500 Thread 0x0000019161fc0ff0 Unloading class 0x0000000100ddbaf0 'vn/iostar/controller/user/LikeCommentController'
Event: 1702.500 Thread 0x0000019161fc0ff0 Unloading class 0x0000000100ddb888 'vn/iostar/controller/user/FriendController'
Event: 1702.500 Thread 0x0000019161fc0ff0 Unloading class 0x0000000100ddb660 'vn/iostar/controller/user/CommentShareController'
Event: 1702.500 Thread 0x0000019161fc0ff0 Unloading class 0x0000000100ddb420 'vn/iostar/controller/user/CommentPostController'
Event: 1702.500 Thread 0x0000019161fc0ff0 Unloading class 0x0000000100ddb208 'vn/iostar/controller/user/ChatController'
Event: 1702.500 Thread 0x0000019161fc0ff0 Unloading class 0x0000000100ddb000 'vn/iostar/controller/HomeController'
Event: 1702.500 Thread 0x0000019161fc0ff0 Unloading class 0x0000000100dd8cc8 'vn/iostar/controller/EmailVerificationController'
Event: 1702.500 Thread 0x0000019161fc0ff0 Unloading class 0x0000000100dd8a90 'vn/iostar/controller/AuthController'
Event: 1702.500 Thread 0x0000019161fc0ff0 Unloading class 0x0000000100dd8800 'vn/iostar/config/WebSocketConfig'
Event: 1702.500 Thread 0x0000019161fc0ff0 Unloading class 0x0000000100ddc410 'vn/iostar/config/OpenApiConfig'
Event: 1702.500 Thread 0x0000019161fc0ff0 Unloading class 0x0000000100ddc200 'vn/iostar/config/CloudinaryConfig'
Event: 1702.500 Thread 0x0000019161fc0ff0 Unloading class 0x0000000100ddc000 'vn/iostar/UtealoApplication'

Classes redefined (20 events):
Event: 1617.953 Thread 0x0000019161fc0ff0 redefined class name=vn.iostar.service.impl.PostServiceImpl, count=1
Event: 1617.953 Thread 0x0000019161fc0ff0 redefined class name=vn.iostar.service.impl.PostServiceImpl, count=2
Event: 1617.953 Thread 0x0000019161fc0ff0 redefined class name=vn.iostar.service.impl.PostServiceImpl, count=4
Event: 1617.953 Thread 0x0000019161fc0ff0 redefined class name=vn.iostar.service.impl.PostServiceImpl, count=4
Event: 1617.953 Thread 0x0000019161fc0ff0 redefined class name=vn.iostar.service.impl.PostServiceImpl, count=1
Event: 1642.062 Thread 0x0000019161fc0ff0 redefined class name=vn.iostar.service.impl.PostServiceImpl, count=2
Event: 1642.062 Thread 0x0000019161fc0ff0 redefined class name=vn.iostar.service.impl.PostServiceImpl, count=5
Event: 1642.062 Thread 0x0000019161fc0ff0 redefined class name=vn.iostar.service.impl.PostServiceImpl, count=1
Event: 1642.062 Thread 0x0000019161fc0ff0 redefined class name=vn.iostar.service.impl.PostServiceImpl, count=2
Event: 1642.062 Thread 0x0000019161fc0ff0 redefined class name=vn.iostar.service.impl.PostServiceImpl, count=4
Event: 1642.062 Thread 0x0000019161fc0ff0 redefined class name=vn.iostar.service.impl.PostServiceImpl, count=3
Event: 1642.063 Thread 0x0000019161fc0ff0 redefined class name=vn.iostar.service.impl.PostServiceImpl, count=5
Event: 1693.570 Thread 0x0000019161fc0ff0 redefined class name=vn.iostar.service.impl.PostServiceImpl, count=3
Event: 1693.570 Thread 0x0000019161fc0ff0 redefined class name=vn.iostar.service.impl.PostServiceImpl, count=6
Event: 1693.570 Thread 0x0000019161fc0ff0 redefined class name=vn.iostar.service.impl.PostServiceImpl, count=2
Event: 1693.570 Thread 0x0000019161fc0ff0 redefined class name=vn.iostar.service.impl.PostServiceImpl, count=3
Event: 1693.570 Thread 0x0000019161fc0ff0 redefined class name=vn.iostar.service.impl.PostServiceImpl, count=5
Event: 1693.570 Thread 0x0000019161fc0ff0 redefined class name=vn.iostar.service.impl.PostServiceImpl, count=1
Event: 1693.571 Thread 0x0000019161fc0ff0 redefined class name=vn.iostar.service.impl.PostServiceImpl, count=4
Event: 1693.571 Thread 0x0000019161fc0ff0 redefined class name=vn.iostar.service.impl.PostServiceImpl, count=6

Internal exceptions (20 events):
Event: 1651.495 Thread 0x0000019167329d70 Exception <a 'sun/nio/fs/WindowsException'{0x000000009072ea58}> (0x000000009072ea58) 
thrown [s\src\hotspot\share\prims\jni.cpp, line 516]
Event: 1651.495 Thread 0x0000019167329d70 Exception <a 'sun/nio/fs/WindowsException'{0x000000009072ed58}> (0x000000009072ed58) 
thrown [s\src\hotspot\share\prims\jni.cpp, line 516]
Event: 1651.495 Thread 0x0000019167329d70 Exception <a 'sun/nio/fs/WindowsException'{0x000000009072f670}> (0x000000009072f670) 
thrown [s\src\hotspot\share\prims\jni.cpp, line 516]
Event: 1651.496 Thread 0x0000019167329d70 Exception <a 'sun/nio/fs/WindowsException'{0x000000009072f940}> (0x000000009072f940) 
thrown [s\src\hotspot\share\prims\jni.cpp, line 516]
Event: 1651.496 Thread 0x0000019167329d70 Exception <a 'sun/nio/fs/WindowsException'{0x0000000090730228}> (0x0000000090730228) 
thrown [s\src\hotspot\share\prims\jni.cpp, line 516]
Event: 1651.496 Thread 0x0000019167329d70 Exception <a 'sun/nio/fs/WindowsException'{0x00000000907304c8}> (0x00000000907304c8) 
thrown [s\src\hotspot\share\prims\jni.cpp, line 516]
Event: 1651.496 Thread 0x0000019167329d70 Exception <a 'sun/nio/fs/WindowsException'{0x0000000090730db8}> (0x0000000090730db8) 
thrown [s\src\hotspot\share\prims\jni.cpp, line 516]
Event: 1651.496 Thread 0x0000019167329d70 Exception <a 'sun/nio/fs/WindowsException'{0x0000000090731070}> (0x0000000090731070) 
thrown [s\src\hotspot\share\prims\jni.cpp, line 516]
Event: 1651.497 Thread 0x0000019167329d70 Exception <a 'sun/nio/fs/WindowsException'{0x0000000090731960}> (0x0000000090731960) 
thrown [s\src\hotspot\share\prims\jni.cpp, line 516]
Event: 1651.497 Thread 0x0000019167329d70 Exception <a 'sun/nio/fs/WindowsException'{0x0000000090731c00}> (0x0000000090731c00) 
thrown [s\src\hotspot\share\prims\jni.cpp, line 516]
Event: 1651.497 Thread 0x0000019167329d70 Exception <a 'sun/nio/fs/WindowsException'{0x00000000907324f0}> (0x00000000907324f0) 
thrown [s\src\hotspot\share\prims\jni.cpp, line 516]
Event: 1651.497 Thread 0x0000019167329d70 Exception <a 'sun/nio/fs/WindowsException'{0x00000000907327a8}> (0x00000000907327a8) 
thrown [s\src\hotspot\share\prims\jni.cpp, line 516]
Event: 1651.497 Thread 0x0000019167329d70 Exception <a 'sun/nio/fs/WindowsException'{0x00000000907330c0}> (0x00000000907330c0) 
thrown [s\src\hotspot\share\prims\jni.cpp, line 516]
Event: 1651.497 Thread 0x0000019167329d70 Exception <a 'sun/nio/fs/WindowsException'{0x0000000090733390}> (0x0000000090733390) 
thrown [s\src\hotspot\share\prims\jni.cpp, line 516]
Event: 1651.498 Thread 0x0000019167329d70 Exception <a 'sun/nio/fs/WindowsException'{0x0000000090733cc0}> (0x0000000090733cc0) 
thrown [s\src\hotspot\share\prims\jni.cpp, line 516]
Event: 1651.498 Thread 0x0000019167329d70 Exception <a 'sun/nio/fs/WindowsException'{0x0000000090733fb0}> (0x0000000090733fb0) 
thrown [s\src\hotspot\share\prims\jni.cpp, line 516]
Event: 1651.498 Thread 0x0000019167329d70 Exception <a 'sun/nio/fs/WindowsException'{0x00000000907348c8}> (0x00000000907348c8) 
thrown [s\src\hotspot\share\prims\jni.cpp, line 516]
Event: 1651.498 Thread 0x0000019167329d70 Exception <a 'sun/nio/fs/WindowsException'{0x0000000090734bb0}> (0x0000000090734bb0) 
thrown [s\src\hotspot\share\prims\jni.cpp, line 516]
Event: 1651.634 Thread 0x000001916b970bd0 Exception <a 'sun/nio/fs/WindowsException'{0x000000008cc2ea10}> (0x000000008cc2ea10) 
thrown [s\src\hotspot\share\prims\jni.cpp, line 516]
Event: 1702.473 Thread 0x000001916b96eef0 Exception <a 'java/lang/InterruptedException'{0x000000008a668d18}: sleep interrupted> (0x000000008a668d18) 
thrown [s\src\hotspot\share\prims\jvm.cpp, line 3070]

VM Operations (20 events):
Event: 1694.222 Executing VM operation: get/set locals done
Event: 1694.222 Executing VM operation: get/set locals
Event: 1694.222 Executing VM operation: get/set locals done
Event: 1694.223 Executing VM operation: get/set locals
Event: 1694.223 Executing VM operation: get/set locals done
Event: 1694.223 Executing VM operation: get/set locals
Event: 1694.223 Executing VM operation: get/set locals done
Event: 1694.223 Executing VM operation: get/set locals
Event: 1694.223 Executing VM operation: get/set locals done
Event: 1694.224 Executing VM operation: get/set locals
Event: 1694.224 Executing VM operation: get/set locals done
Event: 1694.224 Executing VM operation: get/set locals
Event: 1694.224 Executing VM operation: get/set locals done
Event: 1700.274 Executing VM operation: Cleanup
Event: 1700.274 Executing VM operation: Cleanup done
Event: 1702.467 Executing VM operation: ThreadDump
Event: 1702.468 Executing VM operation: ThreadDump done
Event: 1702.469 Executing VM operation: ThreadDump
Event: 1702.470 Executing VM operation: ThreadDump done
Event: 1702.473 Executing VM operation: G1CollectFull

Events (20 events):
Event: 1694.989 Thread 0x00000191673298a0 Thread exited: 0x00000191673298a0
Event: 1694.990 Thread 0x00000191673276f0 Thread exited: 0x00000191673276f0
Event: 1694.991 Thread 0x0000019167325ee0 Thread exited: 0x0000019167325ee0
Event: 1694.991 Thread 0x000001916732b580 Thread exited: 0x000001916732b580
Event: 1694.992 Thread 0x0000019167328f00 Thread exited: 0x0000019167328f00
Event: 1694.992 Thread 0x0000019167325a10 Thread exited: 0x0000019167325a10
Event: 1694.992 Thread 0x000001916732abe0 Thread exited: 0x000001916732abe0
Event: 1700.084 Thread 0x000001916c3f74f0 Thread added: 0x000001916c3f74f0
Event: 1700.085 Thread 0x000001916c3f5690 Thread added: 0x000001916c3f5690
Event: 1700.085 Thread 0x000001916c3f4c70 Thread added: 0x000001916c3f4c70
Event: 1700.110 Thread 0x000001916b9723e0 Thread added: 0x000001916b9723e0
Event: 1700.111 Thread 0x000001916b96f3c0 Thread added: 0x000001916b96f3c0
Event: 1700.112 Thread 0x000001916b974f30 Thread exited: 0x000001916b974f30
Event: 1700.112 Thread 0x000001916b970230 Thread exited: 0x000001916b970230
Event: 1700.112 Thread 0x000001916b96f3c0 Thread exited: 0x000001916b96f3c0
Event: 1700.117 Thread 0x000001916b9723e0 Thread exited: 0x000001916b9723e0
Event: 1702.463 Thread 0x000001916c3f4c70 Thread exited: 0x000001916c3f4c70
Event: 1702.463 Thread 0x000001916c3f5690 Thread exited: 0x000001916c3f5690
Event: 1702.473 Thread 0x000001916b96eef0 Thread exited: 0x000001916b96eef0
Event: 1702.473 Thread 0x000001916b971570 Thread exited: 0x000001916b971570


Dynamic libraries:
0x00007ff6015f0000 - 0x00007ff6015fe000 	D:\TAILIEUNAM3\LapTrinhWeb\sts-4.16.0.RELEASE\plugins\org.eclipse.justj.openjdk.hotspot.jre.full.win32.x86_64_17.0.4.v20220903-1038\jre\bin\javaw.exe
0x00007ffd83190000 - 0x00007ffd83387000 	C:\Windows\SYSTEM32\ntdll.dll
0x00007ffd82ca0000 - 0x00007ffd82d5d000 	C:\Windows\System32\KERNEL32.DLL
0x00007ffd80c40000 - 0x00007ffd80f36000 	C:\Windows\System32\KERNELBASE.dll
0x00007ffd80870000 - 0x00007ffd80970000 	C:\Windows\System32\ucrtbase.dll
0x00007ffd67970000 - 0x00007ffd67988000 	D:\TAILIEUNAM3\LapTrinhWeb\sts-4.16.0.RELEASE\plugins\org.eclipse.justj.openjdk.hotspot.jre.full.win32.x86_64_17.0.4.v20220903-1038\jre\bin\jli.dll
0x00007ffd7d190000 - 0x00007ffd7d1a9000 	D:\TAILIEUNAM3\LapTrinhWeb\sts-4.16.0.RELEASE\plugins\org.eclipse.justj.openjdk.hotspot.jre.full.win32.x86_64_17.0.4.v20220903-1038\jre\bin\VCRUNTIME140.dll
0x00007ffd82570000 - 0x00007ffd8270e000 	C:\Windows\System32\USER32.dll
0x00007ffd81030000 - 0x00007ffd81052000 	C:\Windows\System32\win32u.dll
0x00007ffd82bc0000 - 0x00007ffd82bec000 	C:\Windows\System32\GDI32.dll
0x00007ffd674b0000 - 0x00007ffd6774a000 	C:\Windows\WinSxS\amd64_microsoft.windows.common-controls_6595b64144ccf1df_6.0.19041.3570_none_60bb2a3971f3e41a\COMCTL32.dll
0x00007ffd81060000 - 0x00007ffd8117a000 	C:\Windows\System32\gdi32full.dll
0x00007ffd82770000 - 0x00007ffd8280e000 	C:\Windows\System32\msvcrt.dll
0x00007ffd80f40000 - 0x00007ffd80fdd000 	C:\Windows\System32\msvcp_win.dll
0x00007ffd82810000 - 0x00007ffd82840000 	C:\Windows\System32\IMM32.DLL
0x00007ffd7d410000 - 0x00007ffd7d41c000 	D:\TAILIEUNAM3\LapTrinhWeb\sts-4.16.0.RELEASE\plugins\org.eclipse.justj.openjdk.hotspot.jre.full.win32.x86_64_17.0.4.v20220903-1038\jre\bin\vcruntime140_1.dll
0x00007ffd6d560000 - 0x00007ffd6d5f1000 	D:\TAILIEUNAM3\LapTrinhWeb\sts-4.16.0.RELEASE\plugins\org.eclipse.justj.openjdk.hotspot.jre.full.win32.x86_64_17.0.4.v20220903-1038\jre\bin\msvcp140.dll
0x00007ffd06d00000 - 0x00007ffd07946000 	D:\TAILIEUNAM3\LapTrinhWeb\sts-4.16.0.RELEASE\plugins\org.eclipse.justj.openjdk.hotspot.jre.full.win32.x86_64_17.0.4.v20220903-1038\jre\bin\server\jvm.dll
0x00007ffd82970000 - 0x00007ffd82a1e000 	C:\Windows\System32\ADVAPI32.dll
0x00007ffd811f0000 - 0x00007ffd8128c000 	C:\Windows\System32\sechost.dll
0x00007ffd83020000 - 0x00007ffd83146000 	C:\Windows\System32\RPCRT4.dll
0x00007ffd819e0000 - 0x00007ffd819e8000 	C:\Windows\System32\PSAPI.DLL
0x00007ffd6c4e0000 - 0x00007ffd6c4e9000 	C:\Windows\SYSTEM32\WSOCK32.dll
0x00007ffd7aad0000 - 0x00007ffd7aada000 	C:\Windows\SYSTEM32\VERSION.dll
0x00007ffd69d90000 - 0x00007ffd69db7000 	C:\Windows\SYSTEM32\WINMM.dll
0x00007ffd82e50000 - 0x00007ffd82ebb000 	C:\Windows\System32\WS2_32.dll
0x00007ffd7e6d0000 - 0x00007ffd7e6e2000 	C:\Windows\SYSTEM32\kernel.appcore.dll
0x00007ffd68da0000 - 0x00007ffd68daa000 	D:\TAILIEUNAM3\LapTrinhWeb\sts-4.16.0.RELEASE\plugins\org.eclipse.justj.openjdk.hotspot.jre.full.win32.x86_64_17.0.4.v20220903-1038\jre\bin\jimage.dll
0x00007ffd6c220000 - 0x00007ffd6c404000 	C:\Windows\SYSTEM32\DBGHELP.DLL
0x00007ffd67aa0000 - 0x00007ffd67ad4000 	C:\Windows\SYSTEM32\dbgcore.DLL
0x00007ffd80a20000 - 0x00007ffd80aa2000 	C:\Windows\System32\bcryptPrimitives.dll
0x00007ffd72e80000 - 0x00007ffd72ebb000 	D:\TAILIEUNAM3\LapTrinhWeb\sts-4.16.0.RELEASE\plugins\org.eclipse.justj.openjdk.hotspot.jre.full.win32.x86_64_17.0.4.v20220903-1038\jre\bin\jdwp.dll
0x00007ffd68d90000 - 0x00007ffd68d9e000 	D:\TAILIEUNAM3\LapTrinhWeb\sts-4.16.0.RELEASE\plugins\org.eclipse.justj.openjdk.hotspot.jre.full.win32.x86_64_17.0.4.v20220903-1038\jre\bin\instrument.dll
0x00007ffd17220000 - 0x00007ffd17245000 	D:\TAILIEUNAM3\LapTrinhWeb\sts-4.16.0.RELEASE\plugins\org.eclipse.justj.openjdk.hotspot.jre.full.win32.x86_64_17.0.4.v20220903-1038\jre\bin\java.dll
0x00007ffd63090000 - 0x00007ffd630a8000 	D:\TAILIEUNAM3\LapTrinhWeb\sts-4.16.0.RELEASE\plugins\org.eclipse.justj.openjdk.hotspot.jre.full.win32.x86_64_17.0.4.v20220903-1038\jre\bin\zip.dll
0x00007ffd81290000 - 0x00007ffd819d4000 	C:\Windows\System32\SHELL32.dll
0x00007ffd7e8d0000 - 0x00007ffd7f06b000 	C:\Windows\SYSTEM32\windows.storage.dll
0x00007ffd81c80000 - 0x00007ffd81fd4000 	C:\Windows\System32\combase.dll
0x00007ffd802b0000 - 0x00007ffd802dd000 	C:\Windows\SYSTEM32\Wldp.dll
0x00007ffd819f0000 - 0x00007ffd81a9d000 	C:\Windows\System32\SHCORE.dll
0x00007ffd82b60000 - 0x00007ffd82bb5000 	C:\Windows\System32\shlwapi.dll
0x00007ffd807a0000 - 0x00007ffd807c5000 	C:\Windows\SYSTEM32\profapi.dll
0x00007ffd764b0000 - 0x00007ffd764bc000 	D:\TAILIEUNAM3\LapTrinhWeb\sts-4.16.0.RELEASE\plugins\org.eclipse.justj.openjdk.hotspot.jre.full.win32.x86_64_17.0.4.v20220903-1038\jre\bin\dt_socket.dll
0x00007ffd7fc70000 - 0x00007ffd7fcab000 	C:\Windows\SYSTEM32\IPHLPAPI.DLL
0x00007ffd7ffc0000 - 0x00007ffd8002a000 	C:\Windows\system32\mswsock.dll
0x00007ffd7fcb0000 - 0x00007ffd7fd7a000 	C:\Windows\SYSTEM32\DNSAPI.dll
0x00007ffd82dc0000 - 0x00007ffd82dc8000 	C:\Windows\System32\NSI.dll
0x0000000071530000 - 0x0000000071556000 	C:\Program Files\Bonjour\mdnsNSP.dll
0x00007ffd792a0000 - 0x00007ffd792aa000 	C:\Windows\System32\rasadhlp.dll
0x00007ffd75500000 - 0x00007ffd75582000 	C:\Windows\System32\fwpuclnt.dll
0x00007ffd80c10000 - 0x00007ffd80c37000 	C:\Windows\System32\bcrypt.dll
0x00007ffd5df70000 - 0x00007ffd5df89000 	D:\TaiLieuNam3\LapTrinhWeb\sts-4.16.0.RELEASE\plugins\org.eclipse.justj.openjdk.hotspot.jre.full.win32.x86_64_17.0.4.v20220903-1038\jre\bin\net.dll
0x00007ffd79bc0000 - 0x00007ffd79cca000 	C:\Windows\SYSTEM32\WINHTTP.dll
0x00007ffd5ab30000 - 0x00007ffd5ab45000 	D:\TaiLieuNam3\LapTrinhWeb\sts-4.16.0.RELEASE\plugins\org.eclipse.justj.openjdk.hotspot.jre.full.win32.x86_64_17.0.4.v20220903-1038\jre\bin\nio.dll
0x00007ffd75270000 - 0x00007ffd75279000 	D:\TaiLieuNam3\LapTrinhWeb\sts-4.16.0.RELEASE\plugins\org.eclipse.justj.openjdk.hotspot.jre.full.win32.x86_64_17.0.4.v20220903-1038\jre\bin\management.dll
0x00007ffd747c0000 - 0x00007ffd747cb000 	D:\TaiLieuNam3\LapTrinhWeb\sts-4.16.0.RELEASE\plugins\org.eclipse.justj.openjdk.hotspot.jre.full.win32.x86_64_17.0.4.v20220903-1038\jre\bin\management_ext.dll
0x00007ffd50320000 - 0x00007ffd50337000 	C:\Windows\system32\napinsp.dll
0x00007ffd50300000 - 0x00007ffd5031b000 	C:\Windows\system32\pnrpnsp.dll
0x00007ffd7b450000 - 0x00007ffd7b465000 	C:\Windows\system32\wshbth.dll
0x00007ffd7d150000 - 0x00007ffd7d16d000 	C:\Windows\system32\NLAapi.dll
0x00007ffd502e0000 - 0x00007ffd502f2000 	C:\Windows\System32\winrnr.dll
0x00007ffd80180000 - 0x00007ffd80198000 	C:\Windows\SYSTEM32\CRYPTSP.dll
0x00007ffd7f870000 - 0x00007ffd7f8a4000 	C:\Windows\system32\rsaenh.dll
0x00007ffd80720000 - 0x00007ffd8074e000 	C:\Windows\SYSTEM32\USERENV.dll
0x00007ffd80170000 - 0x00007ffd8017c000 	C:\Windows\SYSTEM32\CRYPTBASE.dll
0x00007ffd79050000 - 0x00007ffd79067000 	C:\Windows\SYSTEM32\dhcpcsvc6.DLL
0x00007ffd79550000 - 0x00007ffd7956d000 	C:\Windows\SYSTEM32\dhcpcsvc.DLL
0x00007ffd60e10000 - 0x00007ffd60e20000 	D:\TAILIEUNAM3\LapTrinhWeb\sts-4.16.0.RELEASE\plugins\org.eclipse.justj.openjdk.hotspot.jre.full.win32.x86_64_17.0.4.v20220903-1038\jre\bin\verify.dll
0x00007ffd76030000 - 0x00007ffd7603e000 	D:\TaiLieuNam3\LapTrinhWeb\sts-4.16.0.RELEASE\plugins\org.eclipse.justj.openjdk.hotspot.jre.full.win32.x86_64_17.0.4.v20220903-1038\jre\bin\sunmscapi.dll
0x00007ffd80ab0000 - 0x00007ffd80c0d000 	C:\Windows\System32\CRYPT32.dll
0x00007ffd80320000 - 0x00007ffd80347000 	C:\Windows\SYSTEM32\ncrypt.dll
0x00007ffd802e0000 - 0x00007ffd8031b000 	C:\Windows\SYSTEM32\NTASN1.dll
0x00007ffd73df0000 - 0x00007ffd73df7000 	C:\Windows\system32\wshunix.dll

dbghelp: loaded successfully - version: 4.0.5 - missing functions: none
symbol engine: initialized successfully - sym options: 0x614 - pdb path: .;D:\TAILIEUNAM3\LapTrinhWeb\sts-4.16.0.RELEASE\plugins\org.eclipse.justj.openjdk.hotspot.jre.full.win32.x86_64_17.0.4.v20220903-1038\jre\bin;C:\Windows\SYSTEM32;C:\Windows\WinSxS\amd64_microsoft.windows.common-controls_6595b64144ccf1df_6.0.19041.3570_none_60bb2a3971f3e41a;D:\TAILIEUNAM3\LapTrinhWeb\sts-4.16.0.RELEASE\plugins\org.eclipse.justj.openjdk.hotspot.jre.full.win32.x86_64_17.0.4.v20220903-1038\jre\bin\server;C:\Program Files\Bonjour

VM Arguments:
jvm_args: -XX:+ShowCodeDetailsInExceptionMessages -agentlib:jdwp=transport=dt_socket,suspend=y,address=localhost:64272 -Dcom.sun.management.jmxremote -Dcom.sun.management.jmxremote.port=64269 -Dcom.sun.management.jmxremote.authenticate=false -Dcom.sun.management.jmxremote.ssl=false -Djava.rmi.server.hostname=localhost -Dspring.jmx.enabled=true -Dspring.application.admin.enabled=true -XX:TieredStopAtLevel=1 -Dspring.boot.project.name=UteAlo -javaagent:D:\TaiLieuNam3\LapTrinhWeb\sts-4.16.0.RELEASE\configuration\org.eclipse.osgi\268\0\.cp\lib\javaagent-shaded.jar -Dfile.encoding=UTF-8 
java_command: vn.iostar.UtealoApplication --spring.output.ansi.enabled=always
java_class_path (initial): D:\TaiLieuNam4\TieuLuanChuyenNganh\UteAlo\target\classes;C:\Users\VOHONGKHANG\.m2\repository\org\springframework\boot\spring-boot-starter-websocket\3.2.0-SNAPSHOT\spring-boot-starter-websocket-3.2.0-SNAPSHOT.jar;C:\Users\VOHONGKHANG\.m2\repository\org\springframework\spring-messaging\6.1.0-M5\spring-messaging-6.1.0-M5.jar;C:\Users\VOHONGKHANG\.m2\repository\org\springframework\spring-websocket\6.1.0-M5\spring-websocket-6.1.0-M5.jar;C:\Users\VOHONGKHANG\.m2\repository\org\springframework\boot\spring-boot-starter-data-jdbc\3.2.0-SNAPSHOT\spring-boot-starter-data-jdbc-3.2.0-SNAPSHOT.jar;C:\Users\VOHONGKHANG\.m2\repository\org\springframework\boot\spring-boot-starter-jdbc\3.2.0-SNAPSHOT\spring-boot-starter-jdbc-3.2.0-SNAPSHOT.jar;C:\Users\VOHONGKHANG\.m2\repository\com\zaxxer\HikariCP\5.0.1\HikariCP-5.0.1.jar;C:\Users\VOHONGKHANG\.m2\repository\org\springframework\spring-jdbc\6.1.0-M5\spring-jdbc-6.1.0-M5.jar;C:\Users\VOHONGKHANG\.m2\repository\org\springframework\data\spring-data-jdbc\3.2.0-M3\spring-data-jdbc-3.2.0-M3.jar;C:\Users\VOHONGKHANG\.m2\repository\org\springframework\data\spring-data-relational\3.2.0-M3\spring-data-relational-3.2.0-M3.jar;C:\Users\VOHONGKHANG\.m2\repository\com\github\jsqlparser\jsqlparser\4.6\jsqlparser-4.6.jar;C:\Users\VOHONGKHANG\.m2\repository\org\springframework\data\spring-data-commons\3.2.0-M3\spring-data-commons-3.2.0-M3.jar;C:\Users\VOHONGKHANG\.m2\repository\org\springframework\spring-tx\6.1.0-M5\spring-tx-6.1.0-M5.jar;C:\Users\VOHONGKHANG\.m2\repository\org\springframework\boot\spring-boot-starter-data-jpa\3.2.0-SNAPSHOT\spring-boot-starter-data-jpa-3.2.0-SNAPSHOT.jar;C:\Users\VOHONGKHANG\.m2\repository\org\springframework\boot\spring-boot-starter-aop\3.2.0-SNAPSHOT\spring-boot-starter-aop-3.2.0-SNAPSHOT.jar;C:\Users\VOHONGKHANG\.m2\repository\org\aspectj\aspectjweaver\1.9.20\aspectjweaver-1.9.20.jar;C:\Users\VOHONGKHANG\.m2\repository\org\hibernate\orm\hibernate-core\6.3.1.Final\hibernate-core-6.3.1.F
Launcher Type: SUN_STANDARD

[Global flags]
     intx CICompilerCount                          = 4                                         {product} {ergonomic}
     uint ConcGCThreads                            = 2                                         {product} {ergonomic}
     uint G1ConcRefinementThreads                  = 8                                         {product} {ergonomic}
   size_t G1HeapRegionSize                         = 1048576                                   {product} {ergonomic}
    uintx GCDrainStackTargetSize                   = 64                                        {product} {ergonomic}
   size_t InitialHeapSize                          = 132120576                                 {product} {ergonomic}
     bool ManagementServer                         = true                                      {product} {command line}
   size_t MarkStackSize                            = 4194304                                   {product} {ergonomic}
   size_t MaxHeapSize                              = 2101346304                                {product} {ergonomic}
   size_t MaxNewSize                               = 1260388352                                {product} {ergonomic}
   size_t MinHeapDeltaBytes                        = 1048576                                   {product} {ergonomic}
   size_t MinHeapSize                              = 8388608                                   {product} {ergonomic}
    uintx NonProfiledCodeHeapSize                  = 0                                      {pd product} {ergonomic}
     bool ProfileInterpreter                       = false                                  {pd product} {command line}
    uintx ProfiledCodeHeapSize                     = 0                                      {pd product} {ergonomic}
     bool ShowCodeDetailsInExceptionMessages       = true                                   {manageable} {command line}
   size_t SoftMaxHeapSize                          = 2101346304                             {manageable} {ergonomic}
     intx TieredStopAtLevel                        = 1                                         {product} {command line}
     bool UseCompressedClassPointers               = true                           {product lp64_product} {ergonomic}
     bool UseCompressedOops                        = true                           {product lp64_product} {ergonomic}
     bool UseG1GC                                  = true                                      {product} {ergonomic}
     bool UseLargePagesIndividualAllocation        = false                                  {pd product} {ergonomic}

Logging:
Log output configuration:
 #0: stdout all=warning uptime,level,tags
 #1: stderr all=off uptime,level,tags

Environment Variables:
PATH=D:\TAILIEUNAM3\LapTrinhWeb\sts-4.16.0.RELEASE\plugins\org.eclipse.justj.openjdk.hotspot.jre.full.win32.x86_64_17.0.4.v20220903-1038\jre\bin;D:/TaiLieuNam3/LapTrinhWeb/sts-4.16.0.RELEASE//plugins/org.eclipse.justj.openjdk.hotspot.jre.full.win32.x86_64_17.0.4.v20220903-1038/jre/bin/server;D:/TaiLieuNam3/LapTrinhWeb/sts-4.16.0.RELEASE//plugins/org.eclipse.justj.openjdk.hotspot.jre.full.win32.x86_64_17.0.4.v20220903-1038/jre/bin;C:\Program Files\Microsoft MPI\Bin\;C:\Program Files\Common Files\Oracle\Java\javapath;C:\Program Files (x86)\Common Files\Oracle\Java\javapath;C:\Program Files\NVIDIA GPU Computing Toolkit\CUDA\v11.2\bin;C:\Program Files\NVIDIA GPU Computing Toolkit\CUDA\v11.2\libnvvp;C:\Windows\system32;C:\Windows;C:\Windows\System32\Wbem;C:\Windows\System32\WindowsPowerShell\v1.0\;C:\Windows\System32\OpenSSH\;D:\Download App\Git\Git\cmd;C:\Program Files\Microsoft SQL Server\150\Tools\Binn\;C:\Program Files\Microsoft SQL Server\Client SDK\ODBC\170\Tools\Binn\;C:\Program Files\dotnet\;C:\Program Files\NVIDIA Corporation\Nsight Compute 2020.3.0\;C:\Program Files (x86)\NVIDIA Corporation\PhysX\Common;C:\Program Files\NVIDIA Corporation\NVIDIA NvDLISR;D:\F8\NodeJS\;C:\7-Zip;C:\Program Files (x86)\Microsoft SQL Server\160\DTS\Binn\;C:\Program Files\Azure Data Studio\bin;D:\Lap Trinh Web\apache-maven-3.8.6\bin;C:\Program Files (x86)\Microsoft SQL Server\160\Tools\Binn\;C:\Program Files\Microsoft SQL Server\160\Tools\Binn\;C:\Program Files\Microsoft SQL Server\160\DTS\Binn\;C:\Users\VOHONGKHANG\AppData\Local\Programs\Python\Python37\Scripts\;C:\Users\VOHONGKHANG\AppData\Local\Programs\Python\Python37\;C:\Users\VOHONGKHANG\AppData\Local\Microsoft\WindowsApps;D:\Download App\Microsoft VS Code\Microsoft VS Code\bin;C:\Users\VOHONGKHANG\.dotnet\tools;C:\Users\VOHONGKHANG\AppData\Roaming\npm;C:\7-Zip;D:\Download App\IntelliJ IDEA 2022.3.3\bin;;D:\Download App\IntelliJ IDEA Community Edition 2022.3.3\bin;;C:\Program Files\Azure Data Studio\bin;;D:\TaiLieuNam3\LapTrinhWeb
USERNAME=VOHONGKHANG
OS=Windows_NT
PROCESSOR_IDENTIFIER=Intel64 Family 6 Model 165 Stepping 2, GenuineIntel
TMP=C:\Users\VOHONG~1\AppData\Local\Temp
TEMP=C:\Users\VOHONG~1\AppData\Local\Temp



---------------  S Y S T E M  ---------------

OS:
 Windows 10 , 64 bit Build 19041 (10.0.19041.3570)
OS uptime: 11 days 6:51 hours
Hyper-V role detected

CPU: total 8 (initial active 8) (4 cores per cpu, 2 threads per core) family 6 model 165 stepping 2 microcode 0xe2, cx8, cmov, fxsr, ht, mmx, 3dnowpref, sse, sse2, sse3, ssse3, sse4.1, sse4.2, popcnt, lzcnt, tsc, tscinvbit, avx, avx2, aes, erms, clmul, bmi1, bmi2, adx, fma, vzeroupper, clflush, clflushopt, hv

Memory: 4k page, system-wide physical 8013M (787M free)
TotalPageFile size 21892M (AvailPageFile size 4919M)
current process WorkingSet (physical memory assigned to process): 443M, peak: 505M
current process commit charge ("private bytes"): 527M, peak: 568M

vm_info: OpenJDK 64-Bit Server VM (17.0.4.1+1) for windows-amd64 JRE (17.0.4.1+1), built on Aug 17 2022 07:42:43 by "temurin" with MS VC++ 16.7 (VS2019)

END.
